mode: atomic
github.com/CosmosContracts/juno/v11/x/mint/types/genesis.pb.go:34.40,34.63 1 0
github.com/CosmosContracts/juno/v11/x/mint/types/genesis.pb.go:35.40,35.77 1 0
github.com/CosmosContracts/juno/v11/x/mint/types/genesis.pb.go:36.41,36.42 0 0
github.com/CosmosContracts/juno/v11/x/mint/types/genesis.pb.go:37.51,39.2 1 0
github.com/CosmosContracts/juno/v11/x/mint/types/genesis.pb.go:40.54,42.2 1 0
github.com/CosmosContracts/juno/v11/x/mint/types/genesis.pb.go:43.82,44.19 1 0
github.com/CosmosContracts/juno/v11/x/mint/types/genesis.pb.go:44.19,46.3 1 0
github.com/CosmosContracts/juno/v11/x/mint/types/genesis.pb.go:46.8,49.17 3 0
github.com/CosmosContracts/juno/v11/x/mint/types/genesis.pb.go:52.3,52.20 1 0
github.com/CosmosContracts/juno/v11/x/mint/types/genesis.pb.go:49.17,51.4 1 0
github.com/CosmosContracts/juno/v11/x/mint/types/genesis.pb.go:55.53,57.2 1 0
github.com/CosmosContracts/juno/v11/x/mint/types/genesis.pb.go:58.39,60.2 1 0
github.com/CosmosContracts/juno/v11/x/mint/types/genesis.pb.go:61.45,63.2 1 0
github.com/CosmosContracts/juno/v11/x/mint/types/genesis.pb.go:67.43,68.14 1 0
github.com/CosmosContracts/juno/v11/x/mint/types/genesis.pb.go:71.2,71.17 1 0
github.com/CosmosContracts/juno/v11/x/mint/types/genesis.pb.go:68.14,70.3 1 0
github.com/CosmosContracts/juno/v11/x/mint/types/genesis.pb.go:74.43,75.14 1 0
github.com/CosmosContracts/juno/v11/x/mint/types/genesis.pb.go:78.2,78.17 1 0
github.com/CosmosContracts/juno/v11/x/mint/types/genesis.pb.go:75.14,77.3 1 0
github.com/CosmosContracts/juno/v11/x/mint/types/genesis.pb.go:81.13,83.2 1 1
github.com/CosmosContracts/juno/v11/x/mint/types/genesis.pb.go:85.13,85.95 1 1
github.com/CosmosContracts/juno/v11/x/mint/types/genesis.pb.go:105.59,109.16 4 0
github.com/CosmosContracts/juno/v11/x/mint/types/genesis.pb.go:112.2,112.22 1 0
github.com/CosmosContracts/juno/v11/x/mint/types/genesis.pb.go:109.16,111.3 1 0
github.com/CosmosContracts/juno/v11/x/mint/types/genesis.pb.go:115.60,118.2 2 0
github.com/CosmosContracts/juno/v11/x/mint/types/genesis.pb.go:120.71,125.2 5 0
github.com/CosmosContracts/juno/v11/x/mint/types/genesis.pb.go:133.2,135.2 3 0
github.com/CosmosContracts/juno/v11/x/mint/types/genesis.pb.go:143.2,145.27 3 0
github.com/CosmosContracts/juno/v11/x/mint/types/genesis.pb.go:125.2,127.17 2 0
github.com/CosmosContracts/juno/v11/x/mint/types/genesis.pb.go:130.3,131.49 2 0
github.com/CosmosContracts/juno/v11/x/mint/types/genesis.pb.go:127.17,129.4 1 0
github.com/CosmosContracts/juno/v11/x/mint/types/genesis.pb.go:135.2,137.17 2 0
github.com/CosmosContracts/juno/v11/x/mint/types/genesis.pb.go:140.3,141.49 2 0
github.com/CosmosContracts/juno/v11/x/mint/types/genesis.pb.go:137.17,139.4 1 0
github.com/CosmosContracts/juno/v11/x/mint/types/genesis.pb.go:148.65,151.16 3 0
github.com/CosmosContracts/juno/v11/x/mint/types/genesis.pb.go:156.2,157.13 2 0
github.com/CosmosContracts/juno/v11/x/mint/types/genesis.pb.go:151.16,155.3 3 0
github.com/CosmosContracts/juno/v11/x/mint/types/genesis.pb.go:159.39,160.14 1 0
github.com/CosmosContracts/juno/v11/x/mint/types/genesis.pb.go:163.2,169.10 7 0
github.com/CosmosContracts/juno/v11/x/mint/types/genesis.pb.go:160.14,162.3 1 0
github.com/CosmosContracts/juno/v11/x/mint/types/genesis.pb.go:172.35,174.2 1 0
github.com/CosmosContracts/juno/v11/x/mint/types/genesis.pb.go:175.35,177.2 1 0
github.com/CosmosContracts/juno/v11/x/mint/types/genesis.pb.go:178.53,181.16 3 0
github.com/CosmosContracts/juno/v11/x/mint/types/genesis.pb.go:289.2,289.15 1 0
github.com/CosmosContracts/juno/v11/x/mint/types/genesis.pb.go:292.2,292.12 1 0
github.com/CosmosContracts/juno/v11/x/mint/types/genesis.pb.go:181.16,184.38 3 0
github.com/CosmosContracts/juno/v11/x/mint/types/genesis.pb.go:198.3,200.20 3 0
github.com/CosmosContracts/juno/v11/x/mint/types/genesis.pb.go:203.3,203.20 1 0
github.com/CosmosContracts/juno/v11/x/mint/types/genesis.pb.go:206.3,206.19 1 0
github.com/CosmosContracts/juno/v11/x/mint/types/genesis.pb.go:184.38,185.19 1 0
github.com/CosmosContracts/juno/v11/x/mint/types/genesis.pb.go:188.4,188.18 1 0
github.com/CosmosContracts/juno/v11/x/mint/types/genesis.pb.go:191.4,194.16 4 0
github.com/CosmosContracts/juno/v11/x/mint/types/genesis.pb.go:185.19,187.5 1 0
github.com/CosmosContracts/juno/v11/x/mint/types/genesis.pb.go:188.18,190.5 1 0
github.com/CosmosContracts/juno/v11/x/mint/types/genesis.pb.go:194.16,195.10 1 0
github.com/CosmosContracts/juno/v11/x/mint/types/genesis.pb.go:200.20,202.4 1 0
github.com/CosmosContracts/juno/v11/x/mint/types/genesis.pb.go:203.20,205.4 1 0
github.com/CosmosContracts/juno/v11/x/mint/types/genesis.pb.go:207.10,208.21 1 0
github.com/CosmosContracts/juno/v11/x/mint/types/genesis.pb.go:211.4,212.39 2 0
github.com/CosmosContracts/juno/v11/x/mint/types/genesis.pb.go:226.4,226.18 1 0
github.com/CosmosContracts/juno/v11/x/mint/types/genesis.pb.go:229.4,230.21 2 0
github.com/CosmosContracts/juno/v11/x/mint/types/genesis.pb.go:233.4,233.21 1 0
github.com/CosmosContracts/juno/v11/x/mint/types/genesis.pb.go:236.4,236.68 1 0
github.com/CosmosContracts/juno/v11/x/mint/types/genesis.pb.go:239.4,239.21 1 0
github.com/CosmosContracts/juno/v11/x/mint/types/genesis.pb.go:240.10,241.21 1 0
github.com/CosmosContracts/juno/v11/x/mint/types/genesis.pb.go:244.4,245.39 2 0
github.com/CosmosContracts/juno/v11/x/mint/types/genesis.pb.go:259.4,259.18 1 0
github.com/CosmosContracts/juno/v11/x/mint/types/genesis.pb.go:262.4,263.21 2 0
github.com/CosmosContracts/juno/v11/x/mint/types/genesis.pb.go:266.4,266.21 1 0
github.com/CosmosContracts/juno/v11/x/mint/types/genesis.pb.go:269.4,269.68 1 0
github.com/CosmosContracts/juno/v11/x/mint/types/genesis.pb.go:272.4,272.21 1 0
github.com/CosmosContracts/juno/v11/x/mint/types/genesis.pb.go:273.11,276.18 3 0
github.com/CosmosContracts/juno/v11/x/mint/types/genesis.pb.go:279.4,279.42 1 0
github.com/CosmosContracts/juno/v11/x/mint/types/genesis.pb.go:282.4,282.28 1 0
github.com/CosmosContracts/juno/v11/x/mint/types/genesis.pb.go:285.4,285.19 1 0
github.com/CosmosContracts/juno/v11/x/mint/types/genesis.pb.go:208.21,210.5 1 0
github.com/CosmosContracts/juno/v11/x/mint/types/genesis.pb.go:212.39,213.20 1 0
github.com/CosmosContracts/juno/v11/x/mint/types/genesis.pb.go:216.5,216.19 1 0
github.com/CosmosContracts/juno/v11/x/mint/types/genesis.pb.go:219.5,222.17 4 0
github.com/CosmosContracts/juno/v11/x/mint/types/genesis.pb.go:213.20,215.6 1 0
github.com/CosmosContracts/juno/v11/x/mint/types/genesis.pb.go:216.19,218.6 1 0
github.com/CosmosContracts/juno/v11/x/mint/types/genesis.pb.go:222.17,223.11 1 0
github.com/CosmosContracts/juno/v11/x/mint/types/genesis.pb.go:226.18,228.5 1 0
github.com/CosmosContracts/juno/v11/x/mint/types/genesis.pb.go:230.21,232.5 1 0
github.com/CosmosContracts/juno/v11/x/mint/types/genesis.pb.go:233.21,235.5 1 0
github.com/CosmosContracts/juno/v11/x/mint/types/genesis.pb.go:236.68,238.5 1 0
github.com/CosmosContracts/juno/v11/x/mint/types/genesis.pb.go:241.21,243.5 1 0
github.com/CosmosContracts/juno/v11/x/mint/types/genesis.pb.go:245.39,246.20 1 0
github.com/CosmosContracts/juno/v11/x/mint/types/genesis.pb.go:249.5,249.19 1 0
github.com/CosmosContracts/juno/v11/x/mint/types/genesis.pb.go:252.5,255.17 4 0
github.com/CosmosContracts/juno/v11/x/mint/types/genesis.pb.go:246.20,248.6 1 0
github.com/CosmosContracts/juno/v11/x/mint/types/genesis.pb.go:249.19,251.6 1 0
github.com/CosmosContracts/juno/v11/x/mint/types/genesis.pb.go:255.17,256.11 1 0
github.com/CosmosContracts/juno/v11/x/mint/types/genesis.pb.go:259.18,261.5 1 0
github.com/CosmosContracts/juno/v11/x/mint/types/genesis.pb.go:263.21,265.5 1 0
github.com/CosmosContracts/juno/v11/x/mint/types/genesis.pb.go:266.21,268.5 1 0
github.com/CosmosContracts/juno/v11/x/mint/types/genesis.pb.go:269.68,271.5 1 0
github.com/CosmosContracts/juno/v11/x/mint/types/genesis.pb.go:276.18,278.5 1 0
github.com/CosmosContracts/juno/v11/x/mint/types/genesis.pb.go:279.42,281.5 1 0
github.com/CosmosContracts/juno/v11/x/mint/types/genesis.pb.go:282.28,284.5 1 0
github.com/CosmosContracts/juno/v11/x/mint/types/genesis.pb.go:289.15,291.3 1 0
github.com/CosmosContracts/juno/v11/x/mint/types/genesis.pb.go:294.50,298.16 4 0
github.com/CosmosContracts/juno/v11/x/mint/types/genesis.pb.go:370.2,370.31 1 0
github.com/CosmosContracts/juno/v11/x/mint/types/genesis.pb.go:298.16,300.38 2 0
github.com/CosmosContracts/juno/v11/x/mint/types/genesis.pb.go:314.3,315.19 2 0
github.com/CosmosContracts/juno/v11/x/mint/types/genesis.pb.go:363.3,363.16 1 0
github.com/CosmosContracts/juno/v11/x/mint/types/genesis.pb.go:366.3,366.17 1 0
github.com/CosmosContracts/juno/v11/x/mint/types/genesis.pb.go:300.38,301.19 1 0
github.com/CosmosContracts/juno/v11/x/mint/types/genesis.pb.go:304.4,304.18 1 0
github.com/CosmosContracts/juno/v11/x/mint/types/genesis.pb.go:307.4,310.16 4 0
github.com/CosmosContracts/juno/v11/x/mint/types/genesis.pb.go:301.19,303.5 1 0
github.com/CosmosContracts/juno/v11/x/mint/types/genesis.pb.go:304.18,306.5 1 0
github.com/CosmosContracts/juno/v11/x/mint/types/genesis.pb.go:310.16,311.10 1 0
github.com/CosmosContracts/juno/v11/x/mint/types/genesis.pb.go:316.10,317.39 1 0
github.com/CosmosContracts/juno/v11/x/mint/types/genesis.pb.go:329.10,330.14 1 0
github.com/CosmosContracts/juno/v11/x/mint/types/genesis.pb.go:331.10,333.39 2 0
github.com/CosmosContracts/juno/v11/x/mint/types/genesis.pb.go:347.4,347.18 1 0
github.com/CosmosContracts/juno/v11/x/mint/types/genesis.pb.go:350.4,350.19 1 0
github.com/CosmosContracts/juno/v11/x/mint/types/genesis.pb.go:351.10,352.11 1 0
github.com/CosmosContracts/juno/v11/x/mint/types/genesis.pb.go:353.10,354.18 1 0
github.com/CosmosContracts/juno/v11/x/mint/types/genesis.pb.go:357.4,357.11 1 0
github.com/CosmosContracts/juno/v11/x/mint/types/genesis.pb.go:358.10,359.14 1 0
github.com/CosmosContracts/juno/v11/x/mint/types/genesis.pb.go:360.11,361.64 1 0
github.com/CosmosContracts/juno/v11/x/mint/types/genesis.pb.go:317.39,318.20 1 0
github.com/CosmosContracts/juno/v11/x/mint/types/genesis.pb.go:321.5,321.19 1 0
github.com/CosmosContracts/juno/v11/x/mint/types/genesis.pb.go:324.5,325.29 2 0
github.com/CosmosContracts/juno/v11/x/mint/types/genesis.pb.go:318.20,320.6 1 0
github.com/CosmosContracts/juno/v11/x/mint/types/genesis.pb.go:321.19,323.6 1 0
github.com/CosmosContracts/juno/v11/x/mint/types/genesis.pb.go:325.29,326.11 1 0
github.com/CosmosContracts/juno/v11/x/mint/types/genesis.pb.go:333.39,334.20 1 0
github.com/CosmosContracts/juno/v11/x/mint/types/genesis.pb.go:337.5,337.19 1 0
github.com/CosmosContracts/juno/v11/x/mint/types/genesis.pb.go:340.5,343.17 4 0
github.com/CosmosContracts/juno/v11/x/mint/types/genesis.pb.go:334.20,336.6 1 0
github.com/CosmosContracts/juno/v11/x/mint/types/genesis.pb.go:337.19,339.6 1 0
github.com/CosmosContracts/juno/v11/x/mint/types/genesis.pb.go:343.17,344.11 1 0
github.com/CosmosContracts/juno/v11/x/mint/types/genesis.pb.go:347.18,349.5 1 0
github.com/CosmosContracts/juno/v11/x/mint/types/genesis.pb.go:354.18,356.5 1 0
github.com/CosmosContracts/juno/v11/x/mint/types/genesis.pb.go:363.16,365.4 1 0
github.com/CosmosContracts/juno/v11/x/mint/types/genesis.pb.go:366.17,368.4 1 0
github.com/CosmosContracts/juno/v11/x/mint/types/mint.pb.go:38.34,38.51 1 0
github.com/CosmosContracts/juno/v11/x/mint/types/mint.pb.go:39.34,39.71 1 0
github.com/CosmosContracts/juno/v11/x/mint/types/mint.pb.go:40.35,40.36 0 0
github.com/CosmosContracts/juno/v11/x/mint/types/mint.pb.go:41.45,43.2 1 0
github.com/CosmosContracts/juno/v11/x/mint/types/mint.pb.go:44.48,46.2 1 0
github.com/CosmosContracts/juno/v11/x/mint/types/mint.pb.go:47.76,48.19 1 0
github.com/CosmosContracts/juno/v11/x/mint/types/mint.pb.go:48.19,50.3 1 0
github.com/CosmosContracts/juno/v11/x/mint/types/mint.pb.go:50.8,53.17 3 0
github.com/CosmosContracts/juno/v11/x/mint/types/mint.pb.go:56.3,56.20 1 0
github.com/CosmosContracts/juno/v11/x/mint/types/mint.pb.go:53.17,55.4 1 0
github.com/CosmosContracts/juno/v11/x/mint/types/mint.pb.go:59.47,61.2 1 0
github.com/CosmosContracts/juno/v11/x/mint/types/mint.pb.go:62.33,64.2 1 0
github.com/CosmosContracts/juno/v11/x/mint/types/mint.pb.go:65.39,67.2 1 0
github.com/CosmosContracts/juno/v11/x/mint/types/mint.pb.go:71.36,72.14 1 0
github.com/CosmosContracts/juno/v11/x/mint/types/mint.pb.go:75.2,75.10 1 0
github.com/CosmosContracts/juno/v11/x/mint/types/mint.pb.go:72.14,74.3 1 0
github.com/CosmosContracts/juno/v11/x/mint/types/mint.pb.go:78.46,79.14 1 0
github.com/CosmosContracts/juno/v11/x/mint/types/mint.pb.go:82.2,82.10 1 0
github.com/CosmosContracts/juno/v11/x/mint/types/mint.pb.go:79.14,81.3 1 0
github.com/CosmosContracts/juno/v11/x/mint/types/mint.pb.go:93.31,93.48 1 0
github.com/CosmosContracts/juno/v11/x/mint/types/mint.pb.go:94.32,94.33 0 0
github.com/CosmosContracts/juno/v11/x/mint/types/mint.pb.go:95.45,97.2 1 0
github.com/CosmosContracts/juno/v11/x/mint/types/mint.pb.go:98.48,100.2 1 0
github.com/CosmosContracts/juno/v11/x/mint/types/mint.pb.go:101.76,102.19 1 0
github.com/CosmosContracts/juno/v11/x/mint/types/mint.pb.go:102.19,104.3 1 0
github.com/CosmosContracts/juno/v11/x/mint/types/mint.pb.go:104.8,107.17 3 0
github.com/CosmosContracts/juno/v11/x/mint/types/mint.pb.go:110.3,110.20 1 0
github.com/CosmosContracts/juno/v11/x/mint/types/mint.pb.go:107.17,109.4 1 0
github.com/CosmosContracts/juno/v11/x/mint/types/mint.pb.go:113.47,115.2 1 0
github.com/CosmosContracts/juno/v11/x/mint/types/mint.pb.go:116.33,118.2 1 0
github.com/CosmosContracts/juno/v11/x/mint/types/mint.pb.go:119.39,121.2 1 0
github.com/CosmosContracts/juno/v11/x/mint/types/mint.pb.go:125.40,126.14 1 0
github.com/CosmosContracts/juno/v11/x/mint/types/mint.pb.go:129.2,129.11 1 0
github.com/CosmosContracts/juno/v11/x/mint/types/mint.pb.go:126.14,128.3 1 0
github.com/CosmosContracts/juno/v11/x/mint/types/mint.pb.go:132.44,133.14 1 0
github.com/CosmosContracts/juno/v11/x/mint/types/mint.pb.go:136.2,136.10 1 0
github.com/CosmosContracts/juno/v11/x/mint/types/mint.pb.go:133.14,135.3 1 0
github.com/CosmosContracts/juno/v11/x/mint/types/mint.pb.go:139.13,142.2 2 1
github.com/CosmosContracts/juno/v11/x/mint/types/mint.pb.go:144.13,144.92 1 1
github.com/CosmosContracts/juno/v11/x/mint/types/mint.pb.go:176.53,180.16 4 0
github.com/CosmosContracts/juno/v11/x/mint/types/mint.pb.go:183.2,183.22 1 0
github.com/CosmosContracts/juno/v11/x/mint/types/mint.pb.go:180.16,182.3 1 0
github.com/CosmosContracts/juno/v11/x/mint/types/mint.pb.go:186.54,189.2 2 0
github.com/CosmosContracts/juno/v11/x/mint/types/mint.pb.go:191.65,196.2 5 0
github.com/CosmosContracts/juno/v11/x/mint/types/mint.pb.go:204.2,206.2 3 0
github.com/CosmosContracts/juno/v11/x/mint/types/mint.pb.go:214.2,216.28 3 0
github.com/CosmosContracts/juno/v11/x/mint/types/mint.pb.go:221.2,221.18 1 0
github.com/CosmosContracts/juno/v11/x/mint/types/mint.pb.go:234.2,236.27 3 0
github.com/CosmosContracts/juno/v11/x/mint/types/mint.pb.go:196.2,199.63 3 0
github.com/CosmosContracts/juno/v11/x/mint/types/mint.pb.go:202.3,202.46 1 0
github.com/CosmosContracts/juno/v11/x/mint/types/mint.pb.go:199.63,201.4 1 0
github.com/CosmosContracts/juno/v11/x/mint/types/mint.pb.go:206.2,209.67 3 0
github.com/CosmosContracts/juno/v11/x/mint/types/mint.pb.go:212.3,212.46 1 0
github.com/CosmosContracts/juno/v11/x/mint/types/mint.pb.go:209.67,211.4 1 0
github.com/CosmosContracts/juno/v11/x/mint/types/mint.pb.go:216.28,220.3 3 0
github.com/CosmosContracts/juno/v11/x/mint/types/mint.pb.go:221.18,225.3 3 0
github.com/CosmosContracts/juno/v11/x/mint/types/mint.pb.go:226.2,229.60 3 0
github.com/CosmosContracts/juno/v11/x/mint/types/mint.pb.go:232.3,232.46 1 0
github.com/CosmosContracts/juno/v11/x/mint/types/mint.pb.go:229.60,231.4 1 0
github.com/CosmosContracts/juno/v11/x/mint/types/mint.pb.go:239.53,243.16 4 0
github.com/CosmosContracts/juno/v11/x/mint/types/mint.pb.go:246.2,246.22 1 0
github.com/CosmosContracts/juno/v11/x/mint/types/mint.pb.go:243.16,245.3 1 0
github.com/CosmosContracts/juno/v11/x/mint/types/mint.pb.go:249.54,252.2 2 0
github.com/CosmosContracts/juno/v11/x/mint/types/mint.pb.go:254.65,259.26 5 0
github.com/CosmosContracts/juno/v11/x/mint/types/mint.pb.go:264.2,264.26 1 0
github.com/CosmosContracts/juno/v11/x/mint/types/mint.pb.go:271.2,271.27 1 0
github.com/CosmosContracts/juno/v11/x/mint/types/mint.pb.go:259.26,263.3 3 0
github.com/CosmosContracts/juno/v11/x/mint/types/mint.pb.go:264.26,270.3 5 0
github.com/CosmosContracts/juno/v11/x/mint/types/mint.pb.go:274.62,277.16 3 0
github.com/CosmosContracts/juno/v11/x/mint/types/mint.pb.go:282.2,283.13 2 0
github.com/CosmosContracts/juno/v11/x/mint/types/mint.pb.go:277.16,281.3 3 0
github.com/CosmosContracts/juno/v11/x/mint/types/mint.pb.go:285.33,286.14 1 0
github.com/CosmosContracts/juno/v11/x/mint/types/mint.pb.go:289.2,293.18 5 0
github.com/CosmosContracts/juno/v11/x/mint/types/mint.pb.go:296.2,296.28 1 0
github.com/CosmosContracts/juno/v11/x/mint/types/mint.pb.go:299.2,303.10 5 0
github.com/CosmosContracts/juno/v11/x/mint/types/mint.pb.go:286.14,288.3 1 0
github.com/CosmosContracts/juno/v11/x/mint/types/mint.pb.go:293.18,295.3 1 0
github.com/CosmosContracts/juno/v11/x/mint/types/mint.pb.go:296.28,298.3 1 0
github.com/CosmosContracts/juno/v11/x/mint/types/mint.pb.go:306.33,307.14 1 0
github.com/CosmosContracts/juno/v11/x/mint/types/mint.pb.go:310.2,313.11 4 0
github.com/CosmosContracts/juno/v11/x/mint/types/mint.pb.go:316.2,316.26 1 0
github.com/CosmosContracts/juno/v11/x/mint/types/mint.pb.go:319.2,319.10 1 0
github.com/CosmosContracts/juno/v11/x/mint/types/mint.pb.go:307.14,309.3 1 0
github.com/CosmosContracts/juno/v11/x/mint/types/mint.pb.go:313.11,315.3 1 0
github.com/CosmosContracts/juno/v11/x/mint/types/mint.pb.go:316.26,318.3 1 0
github.com/CosmosContracts/juno/v11/x/mint/types/mint.pb.go:322.32,324.2 1 0
github.com/CosmosContracts/juno/v11/x/mint/types/mint.pb.go:325.32,327.2 1 0
github.com/CosmosContracts/juno/v11/x/mint/types/mint.pb.go:328.47,331.16 3 0
github.com/CosmosContracts/juno/v11/x/mint/types/mint.pb.go:513.2,513.15 1 0
github.com/CosmosContracts/juno/v11/x/mint/types/mint.pb.go:516.2,516.12 1 0
github.com/CosmosContracts/juno/v11/x/mint/types/mint.pb.go:331.16,334.38 3 0
github.com/CosmosContracts/juno/v11/x/mint/types/mint.pb.go:348.3,350.20 3 0
github.com/CosmosContracts/juno/v11/x/mint/types/mint.pb.go:353.3,353.20 1 0
github.com/CosmosContracts/juno/v11/x/mint/types/mint.pb.go:356.3,356.19 1 0
github.com/CosmosContracts/juno/v11/x/mint/types/mint.pb.go:334.38,335.19 1 0
github.com/CosmosContracts/juno/v11/x/mint/types/mint.pb.go:338.4,338.18 1 0
github.com/CosmosContracts/juno/v11/x/mint/types/mint.pb.go:341.4,344.16 4 0
github.com/CosmosContracts/juno/v11/x/mint/types/mint.pb.go:335.19,337.5 1 0
github.com/CosmosContracts/juno/v11/x/mint/types/mint.pb.go:338.18,340.5 1 0
github.com/CosmosContracts/juno/v11/x/mint/types/mint.pb.go:344.16,345.10 1 0
github.com/CosmosContracts/juno/v11/x/mint/types/mint.pb.go:350.20,352.4 1 0
github.com/CosmosContracts/juno/v11/x/mint/types/mint.pb.go:353.20,355.4 1 0
github.com/CosmosContracts/juno/v11/x/mint/types/mint.pb.go:357.10,358.21 1 0
github.com/CosmosContracts/juno/v11/x/mint/types/mint.pb.go:361.4,362.39 2 0
github.com/CosmosContracts/juno/v11/x/mint/types/mint.pb.go:376.4,377.24 2 0
github.com/CosmosContracts/juno/v11/x/mint/types/mint.pb.go:380.4,381.21 2 0
github.com/CosmosContracts/juno/v11/x/mint/types/mint.pb.go:384.4,384.21 1 0
github.com/CosmosContracts/juno/v11/x/mint/types/mint.pb.go:387.4,387.71 1 0
github.com/CosmosContracts/juno/v11/x/mint/types/mint.pb.go:390.4,390.21 1 0
github.com/CosmosContracts/juno/v11/x/mint/types/mint.pb.go:391.10,392.21 1 0
github.com/CosmosContracts/juno/v11/x/mint/types/mint.pb.go:395.4,396.39 2 0
github.com/CosmosContracts/juno/v11/x/mint/types/mint.pb.go:410.10,411.21 1 0
github.com/CosmosContracts/juno/v11/x/mint/types/mint.pb.go:414.4,415.39 2 0
github.com/CosmosContracts/juno/v11/x/mint/types/mint.pb.go:429.10,430.21 1 0
github.com/CosmosContracts/juno/v11/x/mint/types/mint.pb.go:433.4,434.39 2 0
github.com/CosmosContracts/juno/v11/x/mint/types/mint.pb.go:448.4,449.24 2 0
github.com/CosmosContracts/juno/v11/x/mint/types/mint.pb.go:452.4,453.21 2 0
github.com/CosmosContracts/juno/v11/x/mint/types/mint.pb.go:456.4,456.21 1 0
github.com/CosmosContracts/juno/v11/x/mint/types/mint.pb.go:459.4,459.78 1 0
github.com/CosmosContracts/juno/v11/x/mint/types/mint.pb.go:462.4,462.21 1 0
github.com/CosmosContracts/juno/v11/x/mint/types/mint.pb.go:463.10,464.21 1 0
github.com/CosmosContracts/juno/v11/x/mint/types/mint.pb.go:467.4,468.39 2 0
github.com/CosmosContracts/juno/v11/x/mint/types/mint.pb.go:482.4,483.24 2 0
github.com/CosmosContracts/juno/v11/x/mint/types/mint.pb.go:486.4,487.21 2 0
github.com/CosmosContracts/juno/v11/x/mint/types/mint.pb.go:490.4,490.21 1 0
github.com/CosmosContracts/juno/v11/x/mint/types/mint.pb.go:493.4,493.74 1 0
github.com/CosmosContracts/juno/v11/x/mint/types/mint.pb.go:496.4,496.21 1 0
github.com/CosmosContracts/juno/v11/x/mint/types/mint.pb.go:497.11,500.18 3 0
github.com/CosmosContracts/juno/v11/x/mint/types/mint.pb.go:503.4,503.42 1 0
github.com/CosmosContracts/juno/v11/x/mint/types/mint.pb.go:506.4,506.28 1 0
github.com/CosmosContracts/juno/v11/x/mint/types/mint.pb.go:509.4,509.19 1 0
github.com/CosmosContracts/juno/v11/x/mint/types/mint.pb.go:358.21,360.5 1 0
github.com/CosmosContracts/juno/v11/x/mint/types/mint.pb.go:362.39,363.20 1 0
github.com/CosmosContracts/juno/v11/x/mint/types/mint.pb.go:366.5,366.19 1 0
github.com/CosmosContracts/juno/v11/x/mint/types/mint.pb.go:369.5,372.17 4 0
github.com/CosmosContracts/juno/v11/x/mint/types/mint.pb.go:363.20,365.6 1 0
github.com/CosmosContracts/juno/v11/x/mint/types/mint.pb.go:366.19,368.6 1 0
github.com/CosmosContracts/juno/v11/x/mint/types/mint.pb.go:372.17,373.11 1 0
github.com/CosmosContracts/juno/v11/x/mint/types/mint.pb.go:377.24,379.5 1 0
github.com/CosmosContracts/juno/v11/x/mint/types/mint.pb.go:381.21,383.5 1 0
github.com/CosmosContracts/juno/v11/x/mint/types/mint.pb.go:384.21,386.5 1 0
github.com/CosmosContracts/juno/v11/x/mint/types/mint.pb.go:387.71,389.5 1 0
github.com/CosmosContracts/juno/v11/x/mint/types/mint.pb.go:392.21,394.5 1 0
github.com/CosmosContracts/juno/v11/x/mint/types/mint.pb.go:396.39,397.20 1 0
github.com/CosmosContracts/juno/v11/x/mint/types/mint.pb.go:400.5,400.19 1 0
github.com/CosmosContracts/juno/v11/x/mint/types/mint.pb.go:403.5,406.17 4 0
github.com/CosmosContracts/juno/v11/x/mint/types/mint.pb.go:397.20,399.6 1 0
github.com/CosmosContracts/juno/v11/x/mint/types/mint.pb.go:400.19,402.6 1 0
github.com/CosmosContracts/juno/v11/x/mint/types/mint.pb.go:406.17,407.11 1 0
github.com/CosmosContracts/juno/v11/x/mint/types/mint.pb.go:411.21,413.5 1 0
github.com/CosmosContracts/juno/v11/x/mint/types/mint.pb.go:415.39,416.20 1 0
github.com/CosmosContracts/juno/v11/x/mint/types/mint.pb.go:419.5,419.19 1 0
github.com/CosmosContracts/juno/v11/x/mint/types/mint.pb.go:422.5,425.17 4 0
github.com/CosmosContracts/juno/v11/x/mint/types/mint.pb.go:416.20,418.6 1 0
github.com/CosmosContracts/juno/v11/x/mint/types/mint.pb.go:419.19,421.6 1 0
github.com/CosmosContracts/juno/v11/x/mint/types/mint.pb.go:425.17,426.11 1 0
github.com/CosmosContracts/juno/v11/x/mint/types/mint.pb.go:430.21,432.5 1 0
github.com/CosmosContracts/juno/v11/x/mint/types/mint.pb.go:434.39,435.20 1 0
github.com/CosmosContracts/juno/v11/x/mint/types/mint.pb.go:438.5,438.19 1 0
github.com/CosmosContracts/juno/v11/x/mint/types/mint.pb.go:441.5,444.17 4 0
github.com/CosmosContracts/juno/v11/x/mint/types/mint.pb.go:435.20,437.6 1 0
github.com/CosmosContracts/juno/v11/x/mint/types/mint.pb.go:438.19,440.6 1 0
github.com/CosmosContracts/juno/v11/x/mint/types/mint.pb.go:444.17,445.11 1 0
github.com/CosmosContracts/juno/v11/x/mint/types/mint.pb.go:449.24,451.5 1 0
github.com/CosmosContracts/juno/v11/x/mint/types/mint.pb.go:453.21,455.5 1 0
github.com/CosmosContracts/juno/v11/x/mint/types/mint.pb.go:456.21,458.5 1 0
github.com/CosmosContracts/juno/v11/x/mint/types/mint.pb.go:459.78,461.5 1 0
github.com/CosmosContracts/juno/v11/x/mint/types/mint.pb.go:464.21,466.5 1 0
github.com/CosmosContracts/juno/v11/x/mint/types/mint.pb.go:468.39,469.20 1 0
github.com/CosmosContracts/juno/v11/x/mint/types/mint.pb.go:472.5,472.19 1 0
github.com/CosmosContracts/juno/v11/x/mint/types/mint.pb.go:475.5,478.17 4 0
github.com/CosmosContracts/juno/v11/x/mint/types/mint.pb.go:469.20,471.6 1 0
github.com/CosmosContracts/juno/v11/x/mint/types/mint.pb.go:472.19,474.6 1 0
github.com/CosmosContracts/juno/v11/x/mint/types/mint.pb.go:478.17,479.11 1 0
github.com/CosmosContracts/juno/v11/x/mint/types/mint.pb.go:483.24,485.5 1 0
github.com/CosmosContracts/juno/v11/x/mint/types/mint.pb.go:487.21,489.5 1 0
github.com/CosmosContracts/juno/v11/x/mint/types/mint.pb.go:490.21,492.5 1 0
github.com/CosmosContracts/juno/v11/x/mint/types/mint.pb.go:493.74,495.5 1 0
github.com/CosmosContracts/juno/v11/x/mint/types/mint.pb.go:500.18,502.5 1 0
github.com/CosmosContracts/juno/v11/x/mint/types/mint.pb.go:503.42,505.5 1 0
github.com/CosmosContracts/juno/v11/x/mint/types/mint.pb.go:506.28,508.5 1 0
github.com/CosmosContracts/juno/v11/x/mint/types/mint.pb.go:513.15,515.3 1 0
github.com/CosmosContracts/juno/v11/x/mint/types/mint.pb.go:518.47,521.16 3 0
github.com/CosmosContracts/juno/v11/x/mint/types/mint.pb.go:614.2,614.15 1 0
github.com/CosmosContracts/juno/v11/x/mint/types/mint.pb.go:617.2,617.12 1 0
github.com/CosmosContracts/juno/v11/x/mint/types/mint.pb.go:521.16,524.38 3 0
github.com/CosmosContracts/juno/v11/x/mint/types/mint.pb.go:538.3,540.20 3 0
github.com/CosmosContracts/juno/v11/x/mint/types/mint.pb.go:543.3,543.20 1 0
github.com/CosmosContracts/juno/v11/x/mint/types/mint.pb.go:546.3,546.19 1 0
github.com/CosmosContracts/juno/v11/x/mint/types/mint.pb.go:524.38,525.19 1 0
github.com/CosmosContracts/juno/v11/x/mint/types/mint.pb.go:528.4,528.18 1 0
github.com/CosmosContracts/juno/v11/x/mint/types/mint.pb.go:531.4,534.16 4 0
github.com/CosmosContracts/juno/v11/x/mint/types/mint.pb.go:525.19,527.5 1 0
github.com/CosmosContracts/juno/v11/x/mint/types/mint.pb.go:528.18,530.5 1 0
github.com/CosmosContracts/juno/v11/x/mint/types/mint.pb.go:534.16,535.10 1 0
github.com/CosmosContracts/juno/v11/x/mint/types/mint.pb.go:540.20,542.4 1 0
github.com/CosmosContracts/juno/v11/x/mint/types/mint.pb.go:543.20,545.4 1 0
github.com/CosmosContracts/juno/v11/x/mint/types/mint.pb.go:547.10,548.21 1 0
github.com/CosmosContracts/juno/v11/x/mint/types/mint.pb.go:551.4,552.39 2 0
github.com/CosmosContracts/juno/v11/x/mint/types/mint.pb.go:566.4,567.24 2 0
github.com/CosmosContracts/juno/v11/x/mint/types/mint.pb.go:570.4,571.21 2 0
github.com/CosmosContracts/juno/v11/x/mint/types/mint.pb.go:574.4,574.21 1 0
github.com/CosmosContracts/juno/v11/x/mint/types/mint.pb.go:577.4,578.21 2 0
github.com/CosmosContracts/juno/v11/x/mint/types/mint.pb.go:579.10,580.21 1 0
github.com/CosmosContracts/juno/v11/x/mint/types/mint.pb.go:583.4,584.39 2 0
github.com/CosmosContracts/juno/v11/x/mint/types/mint.pb.go:598.11,601.18 3 0
github.com/CosmosContracts/juno/v11/x/mint/types/mint.pb.go:604.4,604.42 1 0
github.com/CosmosContracts/juno/v11/x/mint/types/mint.pb.go:607.4,607.28 1 0
github.com/CosmosContracts/juno/v11/x/mint/types/mint.pb.go:610.4,610.19 1 0
github.com/CosmosContracts/juno/v11/x/mint/types/mint.pb.go:548.21,550.5 1 0
github.com/CosmosContracts/juno/v11/x/mint/types/mint.pb.go:552.39,553.20 1 0
github.com/CosmosContracts/juno/v11/x/mint/types/mint.pb.go:556.5,556.19 1 0
github.com/CosmosContracts/juno/v11/x/mint/types/mint.pb.go:559.5,562.17 4 0
github.com/CosmosContracts/juno/v11/x/mint/types/mint.pb.go:553.20,555.6 1 0
github.com/CosmosContracts/juno/v11/x/mint/types/mint.pb.go:556.19,558.6 1 0
github.com/CosmosContracts/juno/v11/x/mint/types/mint.pb.go:562.17,563.11 1 0
github.com/CosmosContracts/juno/v11/x/mint/types/mint.pb.go:567.24,569.5 1 0
github.com/CosmosContracts/juno/v11/x/mint/types/mint.pb.go:571.21,573.5 1 0
github.com/CosmosContracts/juno/v11/x/mint/types/mint.pb.go:574.21,576.5 1 0
github.com/CosmosContracts/juno/v11/x/mint/types/mint.pb.go:580.21,582.5 1 0
github.com/CosmosContracts/juno/v11/x/mint/types/mint.pb.go:584.39,585.20 1 0
github.com/CosmosContracts/juno/v11/x/mint/types/mint.pb.go:588.5,588.19 1 0
github.com/CosmosContracts/juno/v11/x/mint/types/mint.pb.go:591.5,594.17 4 0
github.com/CosmosContracts/juno/v11/x/mint/types/mint.pb.go:585.20,587.6 1 0
github.com/CosmosContracts/juno/v11/x/mint/types/mint.pb.go:588.19,590.6 1 0
github.com/CosmosContracts/juno/v11/x/mint/types/mint.pb.go:594.17,595.11 1 0
github.com/CosmosContracts/juno/v11/x/mint/types/mint.pb.go:601.18,603.5 1 0
github.com/CosmosContracts/juno/v11/x/mint/types/mint.pb.go:604.42,606.5 1 0
github.com/CosmosContracts/juno/v11/x/mint/types/mint.pb.go:607.28,609.5 1 0
github.com/CosmosContracts/juno/v11/x/mint/types/mint.pb.go:614.15,616.3 1 0
github.com/CosmosContracts/juno/v11/x/mint/types/mint.pb.go:619.47,623.16 4 0
github.com/CosmosContracts/juno/v11/x/mint/types/mint.pb.go:695.2,695.31 1 0
github.com/CosmosContracts/juno/v11/x/mint/types/mint.pb.go:623.16,625.38 2 0
github.com/CosmosContracts/juno/v11/x/mint/types/mint.pb.go:639.3,640.19 2 0
github.com/CosmosContracts/juno/v11/x/mint/types/mint.pb.go:688.3,688.16 1 0
github.com/CosmosContracts/juno/v11/x/mint/types/mint.pb.go:691.3,691.17 1 0
github.com/CosmosContracts/juno/v11/x/mint/types/mint.pb.go:625.38,626.19 1 0
github.com/CosmosContracts/juno/v11/x/mint/types/mint.pb.go:629.4,629.18 1 0
github.com/CosmosContracts/juno/v11/x/mint/types/mint.pb.go:632.4,635.16 4 0
github.com/CosmosContracts/juno/v11/x/mint/types/mint.pb.go:626.19,628.5 1 0
github.com/CosmosContracts/juno/v11/x/mint/types/mint.pb.go:629.18,631.5 1 0
github.com/CosmosContracts/juno/v11/x/mint/types/mint.pb.go:635.16,636.10 1 0
github.com/CosmosContracts/juno/v11/x/mint/types/mint.pb.go:641.10,642.39 1 0
github.com/CosmosContracts/juno/v11/x/mint/types/mint.pb.go:654.10,655.14 1 0
github.com/CosmosContracts/juno/v11/x/mint/types/mint.pb.go:656.10,658.39 2 0
github.com/CosmosContracts/juno/v11/x/mint/types/mint.pb.go:672.4,672.18 1 0
github.com/CosmosContracts/juno/v11/x/mint/types/mint.pb.go:675.4,675.19 1 0
github.com/CosmosContracts/juno/v11/x/mint/types/mint.pb.go:676.10,677.11 1 0
github.com/CosmosContracts/juno/v11/x/mint/types/mint.pb.go:678.10,679.18 1 0
github.com/CosmosContracts/juno/v11/x/mint/types/mint.pb.go:682.4,682.11 1 0
github.com/CosmosContracts/juno/v11/x/mint/types/mint.pb.go:683.10,684.14 1 0
github.com/CosmosContracts/juno/v11/x/mint/types/mint.pb.go:685.11,686.64 1 0
github.com/CosmosContracts/juno/v11/x/mint/types/mint.pb.go:642.39,643.20 1 0
github.com/CosmosContracts/juno/v11/x/mint/types/mint.pb.go:646.5,646.19 1 0
github.com/CosmosContracts/juno/v11/x/mint/types/mint.pb.go:649.5,650.29 2 0
github.com/CosmosContracts/juno/v11/x/mint/types/mint.pb.go:643.20,645.6 1 0
github.com/CosmosContracts/juno/v11/x/mint/types/mint.pb.go:646.19,648.6 1 0
github.com/CosmosContracts/juno/v11/x/mint/types/mint.pb.go:650.29,651.11 1 0
github.com/CosmosContracts/juno/v11/x/mint/types/mint.pb.go:658.39,659.20 1 0
github.com/CosmosContracts/juno/v11/x/mint/types/mint.pb.go:662.5,662.19 1 0
github.com/CosmosContracts/juno/v11/x/mint/types/mint.pb.go:665.5,668.17 4 0
github.com/CosmosContracts/juno/v11/x/mint/types/mint.pb.go:659.20,661.6 1 0
github.com/CosmosContracts/juno/v11/x/mint/types/mint.pb.go:662.19,664.6 1 0
github.com/CosmosContracts/juno/v11/x/mint/types/mint.pb.go:668.17,669.11 1 0
github.com/CosmosContracts/juno/v11/x/mint/types/mint.pb.go:672.18,674.5 1 0
github.com/CosmosContracts/juno/v11/x/mint/types/mint.pb.go:679.18,681.5 1 0
github.com/CosmosContracts/juno/v11/x/mint/types/mint.pb.go:688.16,690.4 1 0
github.com/CosmosContracts/juno/v11/x/mint/types/mint.pb.go:691.17,693.4 1 0
github.com/CosmosContracts/juno/v11/x/mint/types/minter.go:11.113,19.2 1 3
github.com/CosmosContracts/juno/v11/x/mint/types/minter.go:22.46,30.2 1 3
github.com/CosmosContracts/juno/v11/x/mint/types/minter.go:34.36,38.2 1 2
github.com/CosmosContracts/juno/v11/x/mint/types/minter.go:41.42,42.35 1 0
github.com/CosmosContracts/juno/v11/x/mint/types/minter.go:46.2,46.12 1 0
github.com/CosmosContracts/juno/v11/x/mint/types/minter.go:42.35,45.3 1 0
github.com/CosmosContracts/juno/v11/x/mint/types/minter.go:50.58,51.9 1 14
github.com/CosmosContracts/juno/v11/x/mint/types/minter.go:52.18,53.23 1 2
github.com/CosmosContracts/juno/v11/x/mint/types/minter.go:55.18,56.35 1 1
github.com/CosmosContracts/juno/v11/x/mint/types/minter.go:58.18,59.35 1 1
github.com/CosmosContracts/juno/v11/x/mint/types/minter.go:61.18,62.35 1 1
github.com/CosmosContracts/juno/v11/x/mint/types/minter.go:64.10,70.48 1 9
github.com/CosmosContracts/juno/v11/x/mint/types/minter.go:75.72,77.15 2 6
github.com/CosmosContracts/juno/v11/x/mint/types/minter.go:81.2,81.38 1 5
github.com/CosmosContracts/juno/v11/x/mint/types/minter.go:85.2,85.20 1 3
github.com/CosmosContracts/juno/v11/x/mint/types/minter.go:77.15,79.3 1 1
github.com/CosmosContracts/juno/v11/x/mint/types/minter.go:81.38,83.3 1 2
github.com/CosmosContracts/juno/v11/x/mint/types/minter.go:90.77,92.2 1 0
github.com/CosmosContracts/juno/v11/x/mint/types/minter.go:96.77,101.37 3 7
github.com/CosmosContracts/juno/v11/x/mint/types/minter.go:105.2,105.66 1 6
github.com/CosmosContracts/juno/v11/x/mint/types/minter.go:101.37,103.3 1 1
github.com/CosmosContracts/juno/v11/x/mint/types/codec.go:10.13,13.2 2 1
github.com/CosmosContracts/juno/v11/x/mint/types/genesis.go:4.66,9.2 1 0
github.com/CosmosContracts/juno/v11/x/mint/types/genesis.go:12.42,17.2 1 0
github.com/CosmosContracts/juno/v11/x/mint/types/genesis.go:21.47,22.47 1 0
github.com/CosmosContracts/juno/v11/x/mint/types/genesis.go:26.2,26.36 1 0
github.com/CosmosContracts/juno/v11/x/mint/types/genesis.go:22.47,24.3 1 0
github.com/CosmosContracts/juno/v11/x/mint/types/params.go:21.42,23.2 1 0
github.com/CosmosContracts/juno/v11/x/mint/types/params.go:27.10,32.2 1 0
github.com/CosmosContracts/juno/v11/x/mint/types/params.go:35.29,40.2 1 2
github.com/CosmosContracts/juno/v11/x/mint/types/params.go:43.34,44.55 1 0
github.com/CosmosContracts/juno/v11/x/mint/types/params.go:47.2,47.63 1 0
github.com/CosmosContracts/juno/v11/x/mint/types/params.go:51.2,51.12 1 0
github.com/CosmosContracts/juno/v11/x/mint/types/params.go:44.55,46.3 1 0
github.com/CosmosContracts/juno/v11/x/mint/types/params.go:47.63,49.3 1 0
github.com/CosmosContracts/juno/v11/x/mint/types/params.go:55.33,58.2 2 0
github.com/CosmosContracts/juno/v11/x/mint/types/params.go:61.59,66.2 1 0
github.com/CosmosContracts/juno/v11/x/mint/types/params.go:68.45,70.9 2 0
github.com/CosmosContracts/juno/v11/x/mint/types/params.go:74.2,74.32 1 0
github.com/CosmosContracts/juno/v11/x/mint/types/params.go:77.2,77.45 1 0
github.com/CosmosContracts/juno/v11/x/mint/types/params.go:81.2,81.12 1 0
github.com/CosmosContracts/juno/v11/x/mint/types/params.go:70.9,72.3 1 0
github.com/CosmosContracts/juno/v11/x/mint/types/params.go:74.32,76.3 1 0
github.com/CosmosContracts/juno/v11/x/mint/types/params.go:77.45,79.3 1 0
github.com/CosmosContracts/juno/v11/x/mint/types/params.go:84.49,86.9 2 0
github.com/CosmosContracts/juno/v11/x/mint/types/params.go:90.2,90.12 1 0
github.com/CosmosContracts/juno/v11/x/mint/types/params.go:94.2,94.12 1 0
github.com/CosmosContracts/juno/v11/x/mint/types/params.go:86.9,88.3 1 0
github.com/CosmosContracts/juno/v11/x/mint/types/params.go:90.12,92.3 1 0
github.com/CosmosContracts/juno/v11/x/mint/types/query.pb.go:37.46,37.75 1 0
github.com/CosmosContracts/juno/v11/x/mint/types/query.pb.go:38.46,38.83 1 0
github.com/CosmosContracts/juno/v11/x/mint/types/query.pb.go:39.47,39.48 0 0
github.com/CosmosContracts/juno/v11/x/mint/types/query.pb.go:40.57,42.2 1 0
github.com/CosmosContracts/juno/v11/x/mint/types/query.pb.go:43.60,45.2 1 0
github.com/CosmosContracts/juno/v11/x/mint/types/query.pb.go:46.88,47.19 1 0
github.com/CosmosContracts/juno/v11/x/mint/types/query.pb.go:47.19,49.3 1 0
github.com/CosmosContracts/juno/v11/x/mint/types/query.pb.go:49.8,52.17 3 0
github.com/CosmosContracts/juno/v11/x/mint/types/query.pb.go:55.3,55.20 1 0
github.com/CosmosContracts/juno/v11/x/mint/types/query.pb.go:52.17,54.4 1 0
github.com/CosmosContracts/juno/v11/x/mint/types/query.pb.go:58.59,60.2 1 0
github.com/CosmosContracts/juno/v11/x/mint/types/query.pb.go:61.45,63.2 1 0
github.com/CosmosContracts/juno/v11/x/mint/types/query.pb.go:64.51,66.2 1 0
github.com/CosmosContracts/juno/v11/x/mint/types/query.pb.go:76.47,76.77 1 0
github.com/CosmosContracts/juno/v11/x/mint/types/query.pb.go:77.47,77.84 1 0
github.com/CosmosContracts/juno/v11/x/mint/types/query.pb.go:78.48,78.49 0 0
github.com/CosmosContracts/juno/v11/x/mint/types/query.pb.go:79.58,81.2 1 0
github.com/CosmosContracts/juno/v11/x/mint/types/query.pb.go:82.61,84.2 1 0
github.com/CosmosContracts/juno/v11/x/mint/types/query.pb.go:85.89,86.19 1 0
github.com/CosmosContracts/juno/v11/x/mint/types/query.pb.go:86.19,88.3 1 0
github.com/CosmosContracts/juno/v11/x/mint/types/query.pb.go:88.8,91.17 3 0
github.com/CosmosContracts/juno/v11/x/mint/types/query.pb.go:94.3,94.20 1 0
github.com/CosmosContracts/juno/v11/x/mint/types/query.pb.go:91.17,93.4 1 0
github.com/CosmosContracts/juno/v11/x/mint/types/query.pb.go:97.60,99.2 1 0
github.com/CosmosContracts/juno/v11/x/mint/types/query.pb.go:100.46,102.2 1 0
github.com/CosmosContracts/juno/v11/x/mint/types/query.pb.go:103.52,105.2 1 0
github.com/CosmosContracts/juno/v11/x/mint/types/query.pb.go:109.50,110.14 1 0
github.com/CosmosContracts/juno/v11/x/mint/types/query.pb.go:113.2,113.17 1 0
github.com/CosmosContracts/juno/v11/x/mint/types/query.pb.go:110.14,112.3 1 0
github.com/CosmosContracts/juno/v11/x/mint/types/query.pb.go:120.49,120.81 1 0
github.com/CosmosContracts/juno/v11/x/mint/types/query.pb.go:121.49,121.86 1 0
github.com/CosmosContracts/juno/v11/x/mint/types/query.pb.go:122.50,122.51 0 0
github.com/CosmosContracts/juno/v11/x/mint/types/query.pb.go:123.60,125.2 1 0
github.com/CosmosContracts/juno/v11/x/mint/types/query.pb.go:126.63,128.2 1 0
github.com/CosmosContracts/juno/v11/x/mint/types/query.pb.go:129.91,130.19 1 0
github.com/CosmosContracts/juno/v11/x/mint/types/query.pb.go:130.19,132.3 1 0
github.com/CosmosContracts/juno/v11/x/mint/types/query.pb.go:132.8,135.17 3 0
github.com/CosmosContracts/juno/v11/x/mint/types/query.pb.go:138.3,138.20 1 0
github.com/CosmosContracts/juno/v11/x/mint/types/query.pb.go:135.17,137.4 1 0
github.com/CosmosContracts/juno/v11/x/mint/types/query.pb.go:141.62,143.2 1 0
github.com/CosmosContracts/juno/v11/x/mint/types/query.pb.go:144.48,146.2 1 0
github.com/CosmosContracts/juno/v11/x/mint/types/query.pb.go:147.54,149.2 1 0
github.com/CosmosContracts/juno/v11/x/mint/types/query.pb.go:160.50,160.83 1 0
github.com/CosmosContracts/juno/v11/x/mint/types/query.pb.go:161.50,161.87 1 0
github.com/CosmosContracts/juno/v11/x/mint/types/query.pb.go:162.51,162.52 0 0
github.com/CosmosContracts/juno/v11/x/mint/types/query.pb.go:163.61,165.2 1 0
github.com/CosmosContracts/juno/v11/x/mint/types/query.pb.go:166.64,168.2 1 0
github.com/CosmosContracts/juno/v11/x/mint/types/query.pb.go:169.92,170.19 1 0
github.com/CosmosContracts/juno/v11/x/mint/types/query.pb.go:170.19,172.3 1 0
github.com/CosmosContracts/juno/v11/x/mint/types/query.pb.go:172.8,175.17 3 0
github.com/CosmosContracts/juno/v11/x/mint/types/query.pb.go:178.3,178.20 1 0
github.com/CosmosContracts/juno/v11/x/mint/types/query.pb.go:175.17,177.4 1 0
github.com/CosmosContracts/juno/v11/x/mint/types/query.pb.go:181.63,183.2 1 0
github.com/CosmosContracts/juno/v11/x/mint/types/query.pb.go:184.49,186.2 1 0
github.com/CosmosContracts/juno/v11/x/mint/types/query.pb.go:187.55,189.2 1 0
github.com/CosmosContracts/juno/v11/x/mint/types/query.pb.go:198.56,198.95 1 0
github.com/CosmosContracts/juno/v11/x/mint/types/query.pb.go:199.56,199.93 1 0
github.com/CosmosContracts/juno/v11/x/mint/types/query.pb.go:200.57,200.58 0 0
github.com/CosmosContracts/juno/v11/x/mint/types/query.pb.go:201.67,203.2 1 0
github.com/CosmosContracts/juno/v11/x/mint/types/query.pb.go:204.70,206.2 1 0
github.com/CosmosContracts/juno/v11/x/mint/types/query.pb.go:207.98,208.19 1 0
github.com/CosmosContracts/juno/v11/x/mint/types/query.pb.go:208.19,210.3 1 0
github.com/CosmosContracts/juno/v11/x/mint/types/query.pb.go:210.8,213.17 3 0
github.com/CosmosContracts/juno/v11/x/mint/types/query.pb.go:216.3,216.20 1 0
github.com/CosmosContracts/juno/v11/x/mint/types/query.pb.go:213.17,215.4 1 0
github.com/CosmosContracts/juno/v11/x/mint/types/query.pb.go:219.69,221.2 1 0
github.com/CosmosContracts/juno/v11/x/mint/types/query.pb.go:222.55,224.2 1 0
github.com/CosmosContracts/juno/v11/x/mint/types/query.pb.go:225.61,227.2 1 0
github.com/CosmosContracts/juno/v11/x/mint/types/query.pb.go:238.57,238.97 1 0
github.com/CosmosContracts/juno/v11/x/mint/types/query.pb.go:239.57,239.94 1 0
github.com/CosmosContracts/juno/v11/x/mint/types/query.pb.go:240.58,240.59 0 0
github.com/CosmosContracts/juno/v11/x/mint/types/query.pb.go:241.68,243.2 1 0
github.com/CosmosContracts/juno/v11/x/mint/types/query.pb.go:244.71,246.2 1 0
github.com/CosmosContracts/juno/v11/x/mint/types/query.pb.go:247.99,248.19 1 0
github.com/CosmosContracts/juno/v11/x/mint/types/query.pb.go:248.19,250.3 1 0
github.com/CosmosContracts/juno/v11/x/mint/types/query.pb.go:250.8,253.17 3 0
github.com/CosmosContracts/juno/v11/x/mint/types/query.pb.go:256.3,256.20 1 0
github.com/CosmosContracts/juno/v11/x/mint/types/query.pb.go:253.17,255.4 1 0
github.com/CosmosContracts/juno/v11/x/mint/types/query.pb.go:259.70,261.2 1 0
github.com/CosmosContracts/juno/v11/x/mint/types/query.pb.go:262.56,264.2 1 0
github.com/CosmosContracts/juno/v11/x/mint/types/query.pb.go:265.62,267.2 1 0
github.com/CosmosContracts/juno/v11/x/mint/types/query.pb.go:271.13,278.2 6 1
github.com/CosmosContracts/juno/v11/x/mint/types/query.pb.go:280.13,280.93 1 1
github.com/CosmosContracts/juno/v11/x/mint/types/query.pb.go:338.54,340.2 1 0
github.com/CosmosContracts/juno/v11/x/mint/types/query.pb.go:342.130,345.16 3 0
github.com/CosmosContracts/juno/v11/x/mint/types/query.pb.go:348.2,348.17 1 0
github.com/CosmosContracts/juno/v11/x/mint/types/query.pb.go:345.16,347.3 1 0
github.com/CosmosContracts/juno/v11/x/mint/types/query.pb.go:351.139,354.16 3 0
github.com/CosmosContracts/juno/v11/x/mint/types/query.pb.go:357.2,357.17 1 0
github.com/CosmosContracts/juno/v11/x/mint/types/query.pb.go:354.16,356.3 1 0
github.com/CosmosContracts/juno/v11/x/mint/types/query.pb.go:360.160,363.16 3 0
github.com/CosmosContracts/juno/v11/x/mint/types/query.pb.go:366.2,366.17 1 0
github.com/CosmosContracts/juno/v11/x/mint/types/query.pb.go:363.16,365.3 1 0
github.com/CosmosContracts/juno/v11/x/mint/types/query.pb.go:383.117,385.2 1 0
github.com/CosmosContracts/juno/v11/x/mint/types/query.pb.go:386.126,388.2 1 0
github.com/CosmosContracts/juno/v11/x/mint/types/query.pb.go:389.147,391.2 1 0
github.com/CosmosContracts/juno/v11/x/mint/types/query.pb.go:393.59,395.2 1 0
github.com/CosmosContracts/juno/v11/x/mint/types/query.pb.go:397.157,399.32 2 0
github.com/CosmosContracts/juno/v11/x/mint/types/query.pb.go:402.2,402.24 1 0
github.com/CosmosContracts/juno/v11/x/mint/types/query.pb.go:405.2,409.77 2 0
github.com/CosmosContracts/juno/v11/x/mint/types/query.pb.go:412.2,412.44 1 0
github.com/CosmosContracts/juno/v11/x/mint/types/query.pb.go:399.32,401.3 1 0
github.com/CosmosContracts/juno/v11/x/mint/types/query.pb.go:402.24,404.3 1 0
github.com/CosmosContracts/juno/v11/x/mint/types/query.pb.go:409.77,411.3 1 0
github.com/CosmosContracts/juno/v11/x/mint/types/query.pb.go:415.160,417.32 2 0
github.com/CosmosContracts/juno/v11/x/mint/types/query.pb.go:420.2,420.24 1 0
github.com/CosmosContracts/juno/v11/x/mint/types/query.pb.go:423.2,427.77 2 0
github.com/CosmosContracts/juno/v11/x/mint/types/query.pb.go:430.2,430.44 1 0
github.com/CosmosContracts/juno/v11/x/mint/types/query.pb.go:417.32,419.3 1 0
github.com/CosmosContracts/juno/v11/x/mint/types/query.pb.go:420.24,422.3 1 0
github.com/CosmosContracts/juno/v11/x/mint/types/query.pb.go:427.77,429.3 1 0
github.com/CosmosContracts/juno/v11/x/mint/types/query.pb.go:433.167,435.32 2 0
github.com/CosmosContracts/juno/v11/x/mint/types/query.pb.go:438.2,438.24 1 0
github.com/CosmosContracts/juno/v11/x/mint/types/query.pb.go:441.2,445.77 2 0
github.com/CosmosContracts/juno/v11/x/mint/types/query.pb.go:448.2,448.44 1 0
github.com/CosmosContracts/juno/v11/x/mint/types/query.pb.go:435.32,437.3 1 0
github.com/CosmosContracts/juno/v11/x/mint/types/query.pb.go:438.24,440.3 1 0
github.com/CosmosContracts/juno/v11/x/mint/types/query.pb.go:445.77,447.3 1 0
github.com/CosmosContracts/juno/v11/x/mint/types/query.pb.go:472.65,476.16 4 0
github.com/CosmosContracts/juno/v11/x/mint/types/query.pb.go:479.2,479.22 1 0
github.com/CosmosContracts/juno/v11/x/mint/types/query.pb.go:476.16,478.3 1 0
github.com/CosmosContracts/juno/v11/x/mint/types/query.pb.go:482.66,485.2 2 0
github.com/CosmosContracts/juno/v11/x/mint/types/query.pb.go:487.77,493.2 5 0
github.com/CosmosContracts/juno/v11/x/mint/types/query.pb.go:495.66,499.16 4 0
github.com/CosmosContracts/juno/v11/x/mint/types/query.pb.go:502.2,502.22 1 0
github.com/CosmosContracts/juno/v11/x/mint/types/query.pb.go:499.16,501.3 1 0
github.com/CosmosContracts/juno/v11/x/mint/types/query.pb.go:505.67,508.2 2 0
github.com/CosmosContracts/juno/v11/x/mint/types/query.pb.go:510.78,515.2 5 0
github.com/CosmosContracts/juno/v11/x/mint/types/query.pb.go:523.2,525.27 3 0
github.com/CosmosContracts/juno/v11/x/mint/types/query.pb.go:515.2,517.17 2 0
github.com/CosmosContracts/juno/v11/x/mint/types/query.pb.go:520.3,521.47 2 0
github.com/CosmosContracts/juno/v11/x/mint/types/query.pb.go:517.17,519.4 1 0
github.com/CosmosContracts/juno/v11/x/mint/types/query.pb.go:528.68,532.16 4 0
github.com/CosmosContracts/juno/v11/x/mint/types/query.pb.go:535.2,535.22 1 0
github.com/CosmosContracts/juno/v11/x/mint/types/query.pb.go:532.16,534.3 1 0
github.com/CosmosContracts/juno/v11/x/mint/types/query.pb.go:538.69,541.2 2 0
github.com/CosmosContracts/juno/v11/x/mint/types/query.pb.go:543.80,549.2 5 0
github.com/CosmosContracts/juno/v11/x/mint/types/query.pb.go:551.69,555.16 4 0
github.com/CosmosContracts/juno/v11/x/mint/types/query.pb.go:558.2,558.22 1 0
github.com/CosmosContracts/juno/v11/x/mint/types/query.pb.go:555.16,557.3 1 0
github.com/CosmosContracts/juno/v11/x/mint/types/query.pb.go:561.70,564.2 2 0
github.com/CosmosContracts/juno/v11/x/mint/types/query.pb.go:566.81,571.2 5 0
github.com/CosmosContracts/juno/v11/x/mint/types/query.pb.go:579.2,581.27 3 0
github.com/CosmosContracts/juno/v11/x/mint/types/query.pb.go:571.2,574.60 3 0
github.com/CosmosContracts/juno/v11/x/mint/types/query.pb.go:577.3,577.47 1 0
github.com/CosmosContracts/juno/v11/x/mint/types/query.pb.go:574.60,576.4 1 0
github.com/CosmosContracts/juno/v11/x/mint/types/query.pb.go:584.75,588.16 4 0
github.com/CosmosContracts/juno/v11/x/mint/types/query.pb.go:591.2,591.22 1 0
github.com/CosmosContracts/juno/v11/x/mint/types/query.pb.go:588.16,590.3 1 0
github.com/CosmosContracts/juno/v11/x/mint/types/query.pb.go:594.76,597.2 2 0
github.com/CosmosContracts/juno/v11/x/mint/types/query.pb.go:599.87,605.2 5 0
github.com/CosmosContracts/juno/v11/x/mint/types/query.pb.go:607.76,611.16 4 0
github.com/CosmosContracts/juno/v11/x/mint/types/query.pb.go:614.2,614.22 1 0
github.com/CosmosContracts/juno/v11/x/mint/types/query.pb.go:611.16,613.3 1 0
github.com/CosmosContracts/juno/v11/x/mint/types/query.pb.go:617.77,620.2 2 0
github.com/CosmosContracts/juno/v11/x/mint/types/query.pb.go:622.88,627.2 5 0
github.com/CosmosContracts/juno/v11/x/mint/types/query.pb.go:635.2,637.27 3 0
github.com/CosmosContracts/juno/v11/x/mint/types/query.pb.go:627.2,630.67 3 0
github.com/CosmosContracts/juno/v11/x/mint/types/query.pb.go:633.3,633.47 1 0
github.com/CosmosContracts/juno/v11/x/mint/types/query.pb.go:630.67,632.4 1 0
github.com/CosmosContracts/juno/v11/x/mint/types/query.pb.go:640.63,643.16 3 0
github.com/CosmosContracts/juno/v11/x/mint/types/query.pb.go:648.2,649.13 2 0
github.com/CosmosContracts/juno/v11/x/mint/types/query.pb.go:643.16,647.3 3 0
github.com/CosmosContracts/juno/v11/x/mint/types/query.pb.go:651.45,652.14 1 0
github.com/CosmosContracts/juno/v11/x/mint/types/query.pb.go:655.2,657.10 3 0
github.com/CosmosContracts/juno/v11/x/mint/types/query.pb.go:652.14,654.3 1 0
github.com/CosmosContracts/juno/v11/x/mint/types/query.pb.go:660.46,661.14 1 0
github.com/CosmosContracts/juno/v11/x/mint/types/query.pb.go:664.2,668.10 5 0
github.com/CosmosContracts/juno/v11/x/mint/types/query.pb.go:661.14,663.3 1 0
github.com/CosmosContracts/juno/v11/x/mint/types/query.pb.go:671.48,672.14 1 0
github.com/CosmosContracts/juno/v11/x/mint/types/query.pb.go:675.2,677.10 3 0
github.com/CosmosContracts/juno/v11/x/mint/types/query.pb.go:672.14,674.3 1 0
github.com/CosmosContracts/juno/v11/x/mint/types/query.pb.go:680.49,681.14 1 0
github.com/CosmosContracts/juno/v11/x/mint/types/query.pb.go:684.2,688.10 5 0
github.com/CosmosContracts/juno/v11/x/mint/types/query.pb.go:681.14,683.3 1 0
github.com/CosmosContracts/juno/v11/x/mint/types/query.pb.go:691.55,692.14 1 0
github.com/CosmosContracts/juno/v11/x/mint/types/query.pb.go:695.2,697.10 3 0
github.com/CosmosContracts/juno/v11/x/mint/types/query.pb.go:692.14,694.3 1 0
github.com/CosmosContracts/juno/v11/x/mint/types/query.pb.go:700.56,701.14 1 0
github.com/CosmosContracts/juno/v11/x/mint/types/query.pb.go:704.2,708.10 5 0
github.com/CosmosContracts/juno/v11/x/mint/types/query.pb.go:701.14,703.3 1 0
github.com/CosmosContracts/juno/v11/x/mint/types/query.pb.go:711.33,713.2 1 0
github.com/CosmosContracts/juno/v11/x/mint/types/query.pb.go:714.33,716.2 1 0
github.com/CosmosContracts/juno/v11/x/mint/types/query.pb.go:717.59,720.16 3 0
github.com/CosmosContracts/juno/v11/x/mint/types/query.pb.go:762.2,762.15 1 0
github.com/CosmosContracts/juno/v11/x/mint/types/query.pb.go:765.2,765.12 1 0
github.com/CosmosContracts/juno/v11/x/mint/types/query.pb.go:720.16,723.38 3 0
github.com/CosmosContracts/juno/v11/x/mint/types/query.pb.go:737.3,739.20 3 0
github.com/CosmosContracts/juno/v11/x/mint/types/query.pb.go:742.3,742.20 1 0
github.com/CosmosContracts/juno/v11/x/mint/types/query.pb.go:745.3,745.19 1 0
github.com/CosmosContracts/juno/v11/x/mint/types/query.pb.go:723.38,724.19 1 0
github.com/CosmosContracts/juno/v11/x/mint/types/query.pb.go:727.4,727.18 1 0
github.com/CosmosContracts/juno/v11/x/mint/types/query.pb.go:730.4,733.16 4 0
github.com/CosmosContracts/juno/v11/x/mint/types/query.pb.go:724.19,726.5 1 0
github.com/CosmosContracts/juno/v11/x/mint/types/query.pb.go:727.18,729.5 1 0
github.com/CosmosContracts/juno/v11/x/mint/types/query.pb.go:733.16,734.10 1 0
github.com/CosmosContracts/juno/v11/x/mint/types/query.pb.go:739.20,741.4 1 0
github.com/CosmosContracts/juno/v11/x/mint/types/query.pb.go:742.20,744.4 1 0
github.com/CosmosContracts/juno/v11/x/mint/types/query.pb.go:746.11,749.18 3 0
github.com/CosmosContracts/juno/v11/x/mint/types/query.pb.go:752.4,752.42 1 0
github.com/CosmosContracts/juno/v11/x/mint/types/query.pb.go:755.4,755.28 1 0
github.com/CosmosContracts/juno/v11/x/mint/types/query.pb.go:758.4,758.19 1 0
github.com/CosmosContracts/juno/v11/x/mint/types/query.pb.go:749.18,751.5 1 0
github.com/CosmosContracts/juno/v11/x/mint/types/query.pb.go:752.42,754.5 1 0
github.com/CosmosContracts/juno/v11/x/mint/types/query.pb.go:755.28,757.5 1 0
github.com/CosmosContracts/juno/v11/x/mint/types/query.pb.go:762.15,764.3 1 0
github.com/CosmosContracts/juno/v11/x/mint/types/query.pb.go:767.60,770.16 3 0
github.com/CosmosContracts/juno/v11/x/mint/types/query.pb.go:845.2,845.15 1 0
github.com/CosmosContracts/juno/v11/x/mint/types/query.pb.go:848.2,848.12 1 0
github.com/CosmosContracts/juno/v11/x/mint/types/query.pb.go:770.16,773.38 3 0
github.com/CosmosContracts/juno/v11/x/mint/types/query.pb.go:787.3,789.20 3 0
github.com/CosmosContracts/juno/v11/x/mint/types/query.pb.go:792.3,792.20 1 0
github.com/CosmosContracts/juno/v11/x/mint/types/query.pb.go:795.3,795.19 1 0
github.com/CosmosContracts/juno/v11/x/mint/types/query.pb.go:773.38,774.19 1 0
github.com/CosmosContracts/juno/v11/x/mint/types/query.pb.go:777.4,777.18 1 0
github.com/CosmosContracts/juno/v11/x/mint/types/query.pb.go:780.4,783.16 4 0
github.com/CosmosContracts/juno/v11/x/mint/types/query.pb.go:774.19,776.5 1 0
github.com/CosmosContracts/juno/v11/x/mint/types/query.pb.go:777.18,779.5 1 0
github.com/CosmosContracts/juno/v11/x/mint/types/query.pb.go:783.16,784.10 1 0
github.com/CosmosContracts/juno/v11/x/mint/types/query.pb.go:789.20,791.4 1 0
github.com/CosmosContracts/juno/v11/x/mint/types/query.pb.go:792.20,794.4 1 0
github.com/CosmosContracts/juno/v11/x/mint/types/query.pb.go:796.10,797.21 1 0
github.com/CosmosContracts/juno/v11/x/mint/types/query.pb.go:800.4,801.39 2 0
github.com/CosmosContracts/juno/v11/x/mint/types/query.pb.go:815.4,815.18 1 0
github.com/CosmosContracts/juno/v11/x/mint/types/query.pb.go:818.4,819.21 2 0
github.com/CosmosContracts/juno/v11/x/mint/types/query.pb.go:822.4,822.21 1 0
github.com/CosmosContracts/juno/v11/x/mint/types/query.pb.go:825.4,825.68 1 0
github.com/CosmosContracts/juno/v11/x/mint/types/query.pb.go:828.4,828.21 1 0
github.com/CosmosContracts/juno/v11/x/mint/types/query.pb.go:829.11,832.18 3 0
github.com/CosmosContracts/juno/v11/x/mint/types/query.pb.go:835.4,835.42 1 0
github.com/CosmosContracts/juno/v11/x/mint/types/query.pb.go:838.4,838.28 1 0
github.com/CosmosContracts/juno/v11/x/mint/types/query.pb.go:841.4,841.19 1 0
github.com/CosmosContracts/juno/v11/x/mint/types/query.pb.go:797.21,799.5 1 0
github.com/CosmosContracts/juno/v11/x/mint/types/query.pb.go:801.39,802.20 1 0
github.com/CosmosContracts/juno/v11/x/mint/types/query.pb.go:805.5,805.19 1 0
github.com/CosmosContracts/juno/v11/x/mint/types/query.pb.go:808.5,811.17 4 0
github.com/CosmosContracts/juno/v11/x/mint/types/query.pb.go:802.20,804.6 1 0
github.com/CosmosContracts/juno/v11/x/mint/types/query.pb.go:805.19,807.6 1 0
github.com/CosmosContracts/juno/v11/x/mint/types/query.pb.go:811.17,812.11 1 0
github.com/CosmosContracts/juno/v11/x/mint/types/query.pb.go:815.18,817.5 1 0
github.com/CosmosContracts/juno/v11/x/mint/types/query.pb.go:819.21,821.5 1 0
github.com/CosmosContracts/juno/v11/x/mint/types/query.pb.go:822.21,824.5 1 0
github.com/CosmosContracts/juno/v11/x/mint/types/query.pb.go:825.68,827.5 1 0
github.com/CosmosContracts/juno/v11/x/mint/types/query.pb.go:832.18,834.5 1 0
github.com/CosmosContracts/juno/v11/x/mint/types/query.pb.go:835.42,837.5 1 0
github.com/CosmosContracts/juno/v11/x/mint/types/query.pb.go:838.28,840.5 1 0
github.com/CosmosContracts/juno/v11/x/mint/types/query.pb.go:845.15,847.3 1 0
github.com/CosmosContracts/juno/v11/x/mint/types/query.pb.go:850.62,853.16 3 0
github.com/CosmosContracts/juno/v11/x/mint/types/query.pb.go:895.2,895.15 1 0
github.com/CosmosContracts/juno/v11/x/mint/types/query.pb.go:898.2,898.12 1 0
github.com/CosmosContracts/juno/v11/x/mint/types/query.pb.go:853.16,856.38 3 0
github.com/CosmosContracts/juno/v11/x/mint/types/query.pb.go:870.3,872.20 3 0
github.com/CosmosContracts/juno/v11/x/mint/types/query.pb.go:875.3,875.20 1 0
github.com/CosmosContracts/juno/v11/x/mint/types/query.pb.go:878.3,878.19 1 0
github.com/CosmosContracts/juno/v11/x/mint/types/query.pb.go:856.38,857.19 1 0
github.com/CosmosContracts/juno/v11/x/mint/types/query.pb.go:860.4,860.18 1 0
github.com/CosmosContracts/juno/v11/x/mint/types/query.pb.go:863.4,866.16 4 0
github.com/CosmosContracts/juno/v11/x/mint/types/query.pb.go:857.19,859.5 1 0
github.com/CosmosContracts/juno/v11/x/mint/types/query.pb.go:860.18,862.5 1 0
github.com/CosmosContracts/juno/v11/x/mint/types/query.pb.go:866.16,867.10 1 0
github.com/CosmosContracts/juno/v11/x/mint/types/query.pb.go:872.20,874.4 1 0
github.com/CosmosContracts/juno/v11/x/mint/types/query.pb.go:875.20,877.4 1 0
github.com/CosmosContracts/juno/v11/x/mint/types/query.pb.go:879.11,882.18 3 0
github.com/CosmosContracts/juno/v11/x/mint/types/query.pb.go:885.4,885.42 1 0
github.com/CosmosContracts/juno/v11/x/mint/types/query.pb.go:888.4,888.28 1 0
github.com/CosmosContracts/juno/v11/x/mint/types/query.pb.go:891.4,891.19 1 0
github.com/CosmosContracts/juno/v11/x/mint/types/query.pb.go:882.18,884.5 1 0
github.com/CosmosContracts/juno/v11/x/mint/types/query.pb.go:885.42,887.5 1 0
github.com/CosmosContracts/juno/v11/x/mint/types/query.pb.go:888.28,890.5 1 0
github.com/CosmosContracts/juno/v11/x/mint/types/query.pb.go:895.15,897.3 1 0
github.com/CosmosContracts/juno/v11/x/mint/types/query.pb.go:900.63,903.16 3 0
github.com/CosmosContracts/juno/v11/x/mint/types/query.pb.go:978.2,978.15 1 0
github.com/CosmosContracts/juno/v11/x/mint/types/query.pb.go:981.2,981.12 1 0
github.com/CosmosContracts/juno/v11/x/mint/types/query.pb.go:903.16,906.38 3 0
github.com/CosmosContracts/juno/v11/x/mint/types/query.pb.go:920.3,922.20 3 0
github.com/CosmosContracts/juno/v11/x/mint/types/query.pb.go:925.3,925.20 1 0
github.com/CosmosContracts/juno/v11/x/mint/types/query.pb.go:928.3,928.19 1 0
github.com/CosmosContracts/juno/v11/x/mint/types/query.pb.go:906.38,907.19 1 0
github.com/CosmosContracts/juno/v11/x/mint/types/query.pb.go:910.4,910.18 1 0
github.com/CosmosContracts/juno/v11/x/mint/types/query.pb.go:913.4,916.16 4 0
github.com/CosmosContracts/juno/v11/x/mint/types/query.pb.go:907.19,909.5 1 0
github.com/CosmosContracts/juno/v11/x/mint/types/query.pb.go:910.18,912.5 1 0
github.com/CosmosContracts/juno/v11/x/mint/types/query.pb.go:916.16,917.10 1 0
github.com/CosmosContracts/juno/v11/x/mint/types/query.pb.go:922.20,924.4 1 0
github.com/CosmosContracts/juno/v11/x/mint/types/query.pb.go:925.20,927.4 1 0
github.com/CosmosContracts/juno/v11/x/mint/types/query.pb.go:929.10,930.21 1 0
github.com/CosmosContracts/juno/v11/x/mint/types/query.pb.go:933.4,934.39 2 0
github.com/CosmosContracts/juno/v11/x/mint/types/query.pb.go:948.4,948.19 1 0
github.com/CosmosContracts/juno/v11/x/mint/types/query.pb.go:951.4,952.21 2 0
github.com/CosmosContracts/juno/v11/x/mint/types/query.pb.go:955.4,955.21 1 0
github.com/CosmosContracts/juno/v11/x/mint/types/query.pb.go:958.4,958.71 1 0
github.com/CosmosContracts/juno/v11/x/mint/types/query.pb.go:961.4,961.21 1 0
github.com/CosmosContracts/juno/v11/x/mint/types/query.pb.go:962.11,965.18 3 0
github.com/CosmosContracts/juno/v11/x/mint/types/query.pb.go:968.4,968.42 1 0
github.com/CosmosContracts/juno/v11/x/mint/types/query.pb.go:971.4,971.28 1 0
github.com/CosmosContracts/juno/v11/x/mint/types/query.pb.go:974.4,974.19 1 0
github.com/CosmosContracts/juno/v11/x/mint/types/query.pb.go:930.21,932.5 1 0
github.com/CosmosContracts/juno/v11/x/mint/types/query.pb.go:934.39,935.20 1 0
github.com/CosmosContracts/juno/v11/x/mint/types/query.pb.go:938.5,938.19 1 0
github.com/CosmosContracts/juno/v11/x/mint/types/query.pb.go:941.5,944.17 4 0
github.com/CosmosContracts/juno/v11/x/mint/types/query.pb.go:935.20,937.6 1 0
github.com/CosmosContracts/juno/v11/x/mint/types/query.pb.go:938.19,940.6 1 0
github.com/CosmosContracts/juno/v11/x/mint/types/query.pb.go:944.17,945.11 1 0
github.com/CosmosContracts/juno/v11/x/mint/types/query.pb.go:948.19,950.5 1 0
github.com/CosmosContracts/juno/v11/x/mint/types/query.pb.go:952.21,954.5 1 0
github.com/CosmosContracts/juno/v11/x/mint/types/query.pb.go:955.21,957.5 1 0
github.com/CosmosContracts/juno/v11/x/mint/types/query.pb.go:958.71,960.5 1 0
github.com/CosmosContracts/juno/v11/x/mint/types/query.pb.go:965.18,967.5 1 0
github.com/CosmosContracts/juno/v11/x/mint/types/query.pb.go:968.42,970.5 1 0
github.com/CosmosContracts/juno/v11/x/mint/types/query.pb.go:971.28,973.5 1 0
github.com/CosmosContracts/juno/v11/x/mint/types/query.pb.go:978.15,980.3 1 0
github.com/CosmosContracts/juno/v11/x/mint/types/query.pb.go:983.69,986.16 3 0
github.com/CosmosContracts/juno/v11/x/mint/types/query.pb.go:1028.2,1028.15 1 0
github.com/CosmosContracts/juno/v11/x/mint/types/query.pb.go:1031.2,1031.12 1 0
github.com/CosmosContracts/juno/v11/x/mint/types/query.pb.go:986.16,989.38 3 0
github.com/CosmosContracts/juno/v11/x/mint/types/query.pb.go:1003.3,1005.20 3 0
github.com/CosmosContracts/juno/v11/x/mint/types/query.pb.go:1008.3,1008.20 1 0
github.com/CosmosContracts/juno/v11/x/mint/types/query.pb.go:1011.3,1011.19 1 0
github.com/CosmosContracts/juno/v11/x/mint/types/query.pb.go:989.38,990.19 1 0
github.com/CosmosContracts/juno/v11/x/mint/types/query.pb.go:993.4,993.18 1 0
github.com/CosmosContracts/juno/v11/x/mint/types/query.pb.go:996.4,999.16 4 0
github.com/CosmosContracts/juno/v11/x/mint/types/query.pb.go:990.19,992.5 1 0
github.com/CosmosContracts/juno/v11/x/mint/types/query.pb.go:993.18,995.5 1 0
github.com/CosmosContracts/juno/v11/x/mint/types/query.pb.go:999.16,1000.10 1 0
github.com/CosmosContracts/juno/v11/x/mint/types/query.pb.go:1005.20,1007.4 1 0
github.com/CosmosContracts/juno/v11/x/mint/types/query.pb.go:1008.20,1010.4 1 0
github.com/CosmosContracts/juno/v11/x/mint/types/query.pb.go:1012.11,1015.18 3 0
github.com/CosmosContracts/juno/v11/x/mint/types/query.pb.go:1018.4,1018.42 1 0
github.com/CosmosContracts/juno/v11/x/mint/types/query.pb.go:1021.4,1021.28 1 0
github.com/CosmosContracts/juno/v11/x/mint/types/query.pb.go:1024.4,1024.19 1 0
github.com/CosmosContracts/juno/v11/x/mint/types/query.pb.go:1015.18,1017.5 1 0
github.com/CosmosContracts/juno/v11/x/mint/types/query.pb.go:1018.42,1020.5 1 0
github.com/CosmosContracts/juno/v11/x/mint/types/query.pb.go:1021.28,1023.5 1 0
github.com/CosmosContracts/juno/v11/x/mint/types/query.pb.go:1028.15,1030.3 1 0
github.com/CosmosContracts/juno/v11/x/mint/types/query.pb.go:1033.70,1036.16 3 0
github.com/CosmosContracts/juno/v11/x/mint/types/query.pb.go:1111.2,1111.15 1 0
github.com/CosmosContracts/juno/v11/x/mint/types/query.pb.go:1114.2,1114.12 1 0
github.com/CosmosContracts/juno/v11/x/mint/types/query.pb.go:1036.16,1039.38 3 0
github.com/CosmosContracts/juno/v11/x/mint/types/query.pb.go:1053.3,1055.20 3 0
github.com/CosmosContracts/juno/v11/x/mint/types/query.pb.go:1058.3,1058.20 1 0
github.com/CosmosContracts/juno/v11/x/mint/types/query.pb.go:1061.3,1061.19 1 0
github.com/CosmosContracts/juno/v11/x/mint/types/query.pb.go:1039.38,1040.19 1 0
github.com/CosmosContracts/juno/v11/x/mint/types/query.pb.go:1043.4,1043.18 1 0
github.com/CosmosContracts/juno/v11/x/mint/types/query.pb.go:1046.4,1049.16 4 0
github.com/CosmosContracts/juno/v11/x/mint/types/query.pb.go:1040.19,1042.5 1 0
github.com/CosmosContracts/juno/v11/x/mint/types/query.pb.go:1043.18,1045.5 1 0
github.com/CosmosContracts/juno/v11/x/mint/types/query.pb.go:1049.16,1050.10 1 0
github.com/CosmosContracts/juno/v11/x/mint/types/query.pb.go:1055.20,1057.4 1 0
github.com/CosmosContracts/juno/v11/x/mint/types/query.pb.go:1058.20,1060.4 1 0
github.com/CosmosContracts/juno/v11/x/mint/types/query.pb.go:1062.10,1063.21 1 0
github.com/CosmosContracts/juno/v11/x/mint/types/query.pb.go:1066.4,1067.39 2 0
github.com/CosmosContracts/juno/v11/x/mint/types/query.pb.go:1081.4,1081.19 1 0
github.com/CosmosContracts/juno/v11/x/mint/types/query.pb.go:1084.4,1085.21 2 0
github.com/CosmosContracts/juno/v11/x/mint/types/query.pb.go:1088.4,1088.21 1 0
github.com/CosmosContracts/juno/v11/x/mint/types/query.pb.go:1091.4,1091.78 1 0
github.com/CosmosContracts/juno/v11/x/mint/types/query.pb.go:1094.4,1094.21 1 0
github.com/CosmosContracts/juno/v11/x/mint/types/query.pb.go:1095.11,1098.18 3 0
github.com/CosmosContracts/juno/v11/x/mint/types/query.pb.go:1101.4,1101.42 1 0
github.com/CosmosContracts/juno/v11/x/mint/types/query.pb.go:1104.4,1104.28 1 0
github.com/CosmosContracts/juno/v11/x/mint/types/query.pb.go:1107.4,1107.19 1 0
github.com/CosmosContracts/juno/v11/x/mint/types/query.pb.go:1063.21,1065.5 1 0
github.com/CosmosContracts/juno/v11/x/mint/types/query.pb.go:1067.39,1068.20 1 0
github.com/CosmosContracts/juno/v11/x/mint/types/query.pb.go:1071.5,1071.19 1 0
github.com/CosmosContracts/juno/v11/x/mint/types/query.pb.go:1074.5,1077.17 4 0
github.com/CosmosContracts/juno/v11/x/mint/types/query.pb.go:1068.20,1070.6 1 0
github.com/CosmosContracts/juno/v11/x/mint/types/query.pb.go:1071.19,1073.6 1 0
github.com/CosmosContracts/juno/v11/x/mint/types/query.pb.go:1077.17,1078.11 1 0
github.com/CosmosContracts/juno/v11/x/mint/types/query.pb.go:1081.19,1083.5 1 0
github.com/CosmosContracts/juno/v11/x/mint/types/query.pb.go:1085.21,1087.5 1 0
github.com/CosmosContracts/juno/v11/x/mint/types/query.pb.go:1088.21,1090.5 1 0
github.com/CosmosContracts/juno/v11/x/mint/types/query.pb.go:1091.78,1093.5 1 0
github.com/CosmosContracts/juno/v11/x/mint/types/query.pb.go:1098.18,1100.5 1 0
github.com/CosmosContracts/juno/v11/x/mint/types/query.pb.go:1101.42,1103.5 1 0
github.com/CosmosContracts/juno/v11/x/mint/types/query.pb.go:1104.28,1106.5 1 0
github.com/CosmosContracts/juno/v11/x/mint/types/query.pb.go:1111.15,1113.3 1 0
github.com/CosmosContracts/juno/v11/x/mint/types/query.pb.go:1116.48,1120.16 4 0
github.com/CosmosContracts/juno/v11/x/mint/types/query.pb.go:1192.2,1192.31 1 0
github.com/CosmosContracts/juno/v11/x/mint/types/query.pb.go:1120.16,1122.38 2 0
github.com/CosmosContracts/juno/v11/x/mint/types/query.pb.go:1136.3,1137.19 2 0
github.com/CosmosContracts/juno/v11/x/mint/types/query.pb.go:1185.3,1185.16 1 0
github.com/CosmosContracts/juno/v11/x/mint/types/query.pb.go:1188.3,1188.17 1 0
github.com/CosmosContracts/juno/v11/x/mint/types/query.pb.go:1122.38,1123.19 1 0
github.com/CosmosContracts/juno/v11/x/mint/types/query.pb.go:1126.4,1126.18 1 0
github.com/CosmosContracts/juno/v11/x/mint/types/query.pb.go:1129.4,1132.16 4 0
github.com/CosmosContracts/juno/v11/x/mint/types/query.pb.go:1123.19,1125.5 1 0
github.com/CosmosContracts/juno/v11/x/mint/types/query.pb.go:1126.18,1128.5 1 0
github.com/CosmosContracts/juno/v11/x/mint/types/query.pb.go:1132.16,1133.10 1 0
github.com/CosmosContracts/juno/v11/x/mint/types/query.pb.go:1138.10,1139.39 1 0
github.com/CosmosContracts/juno/v11/x/mint/types/query.pb.go:1151.10,1152.14 1 0
github.com/CosmosContracts/juno/v11/x/mint/types/query.pb.go:1153.10,1155.39 2 0
github.com/CosmosContracts/juno/v11/x/mint/types/query.pb.go:1169.4,1169.18 1 0
github.com/CosmosContracts/juno/v11/x/mint/types/query.pb.go:1172.4,1172.19 1 0
github.com/CosmosContracts/juno/v11/x/mint/types/query.pb.go:1173.10,1174.11 1 0
github.com/CosmosContracts/juno/v11/x/mint/types/query.pb.go:1175.10,1176.18 1 0
github.com/CosmosContracts/juno/v11/x/mint/types/query.pb.go:1179.4,1179.11 1 0
github.com/CosmosContracts/juno/v11/x/mint/types/query.pb.go:1180.10,1181.14 1 0
github.com/CosmosContracts/juno/v11/x/mint/types/query.pb.go:1182.11,1183.64 1 0
github.com/CosmosContracts/juno/v11/x/mint/types/query.pb.go:1139.39,1140.20 1 0
github.com/CosmosContracts/juno/v11/x/mint/types/query.pb.go:1143.5,1143.19 1 0
github.com/CosmosContracts/juno/v11/x/mint/types/query.pb.go:1146.5,1147.29 2 0
github.com/CosmosContracts/juno/v11/x/mint/types/query.pb.go:1140.20,1142.6 1 0
github.com/CosmosContracts/juno/v11/x/mint/types/query.pb.go:1143.19,1145.6 1 0
github.com/CosmosContracts/juno/v11/x/mint/types/query.pb.go:1147.29,1148.11 1 0
github.com/CosmosContracts/juno/v11/x/mint/types/query.pb.go:1155.39,1156.20 1 0
github.com/CosmosContracts/juno/v11/x/mint/types/query.pb.go:1159.5,1159.19 1 0
github.com/CosmosContracts/juno/v11/x/mint/types/query.pb.go:1162.5,1165.17 4 0
github.com/CosmosContracts/juno/v11/x/mint/types/query.pb.go:1156.20,1158.6 1 0
github.com/CosmosContracts/juno/v11/x/mint/types/query.pb.go:1159.19,1161.6 1 0
github.com/CosmosContracts/juno/v11/x/mint/types/query.pb.go:1165.17,1166.11 1 0
github.com/CosmosContracts/juno/v11/x/mint/types/query.pb.go:1169.18,1171.5 1 0
github.com/CosmosContracts/juno/v11/x/mint/types/query.pb.go:1176.18,1178.5 1 0
github.com/CosmosContracts/juno/v11/x/mint/types/query.pb.go:1185.16,1187.4 1 0
github.com/CosmosContracts/juno/v11/x/mint/types/query.pb.go:1188.17,1190.4 1 0
github.com/CosmosContracts/juno/v11/x/mint/types/query.pb.gw.go:36.195,43.2 4 0
github.com/CosmosContracts/juno/v11/x/mint/types/query.pb.gw.go:45.201,52.2 4 0
github.com/CosmosContracts/juno/v11/x/mint/types/query.pb.gw.go:54.198,61.2 4 0
github.com/CosmosContracts/juno/v11/x/mint/types/query.pb.gw.go:63.204,70.2 4 0
github.com/CosmosContracts/juno/v11/x/mint/types/query.pb.gw.go:72.205,79.2 4 0
github.com/CosmosContracts/juno/v11/x/mint/types/query.pb.gw.go:81.211,88.2 4 0
github.com/CosmosContracts/juno/v11/x/mint/types/query.pb.gw.go:94.103,96.121 1 0
github.com/CosmosContracts/juno/v11/x/mint/types/query.pb.gw.go:119.2,119.124 1 0
github.com/CosmosContracts/juno/v11/x/mint/types/query.pb.gw.go:142.2,142.131 1 0
github.com/CosmosContracts/juno/v11/x/mint/types/query.pb.gw.go:165.2,165.12 1 0
github.com/CosmosContracts/juno/v11/x/mint/types/query.pb.gw.go:96.121,103.17 7 0
github.com/CosmosContracts/juno/v11/x/mint/types/query.pb.gw.go:107.3,110.17 4 0
github.com/CosmosContracts/juno/v11/x/mint/types/query.pb.gw.go:115.3,115.104 1 0
github.com/CosmosContracts/juno/v11/x/mint/types/query.pb.gw.go:103.17,106.4 2 0
github.com/CosmosContracts/juno/v11/x/mint/types/query.pb.gw.go:110.17,113.4 2 0
github.com/CosmosContracts/juno/v11/x/mint/types/query.pb.gw.go:119.124,126.17 7 0
github.com/CosmosContracts/juno/v11/x/mint/types/query.pb.gw.go:130.3,133.17 4 0
github.com/CosmosContracts/juno/v11/x/mint/types/query.pb.gw.go:138.3,138.107 1 0
github.com/CosmosContracts/juno/v11/x/mint/types/query.pb.gw.go:126.17,129.4 2 0
github.com/CosmosContracts/juno/v11/x/mint/types/query.pb.gw.go:133.17,136.4 2 0
github.com/CosmosContracts/juno/v11/x/mint/types/query.pb.gw.go:142.131,149.17 7 0
github.com/CosmosContracts/juno/v11/x/mint/types/query.pb.gw.go:153.3,156.17 4 0
github.com/CosmosContracts/juno/v11/x/mint/types/query.pb.gw.go:161.3,161.114 1 0
github.com/CosmosContracts/juno/v11/x/mint/types/query.pb.gw.go:149.17,152.4 2 0
github.com/CosmosContracts/juno/v11/x/mint/types/query.pb.gw.go:156.17,159.4 2 0
github.com/CosmosContracts/juno/v11/x/mint/types/query.pb.gw.go:170.136,172.16 2 0
github.com/CosmosContracts/juno/v11/x/mint/types/query.pb.gw.go:175.2,175.15 1 0
github.com/CosmosContracts/juno/v11/x/mint/types/query.pb.gw.go:190.2,190.45 1 0
github.com/CosmosContracts/juno/v11/x/mint/types/query.pb.gw.go:172.16,174.3 1 0
github.com/CosmosContracts/juno/v11/x/mint/types/query.pb.gw.go:175.15,176.17 1 0
github.com/CosmosContracts/juno/v11/x/mint/types/query.pb.gw.go:182.3,182.13 1 0
github.com/CosmosContracts/juno/v11/x/mint/types/query.pb.gw.go:176.17,177.41 1 0
github.com/CosmosContracts/juno/v11/x/mint/types/query.pb.gw.go:180.4,180.10 1 0
github.com/CosmosContracts/juno/v11/x/mint/types/query.pb.gw.go:177.41,179.5 1 0
github.com/CosmosContracts/juno/v11/x/mint/types/query.pb.gw.go:182.13,184.41 2 0
github.com/CosmosContracts/juno/v11/x/mint/types/query.pb.gw.go:184.41,186.5 1 0
github.com/CosmosContracts/juno/v11/x/mint/types/query.pb.gw.go:195.100,197.2 1 0
github.com/CosmosContracts/juno/v11/x/mint/types/query.pb.gw.go:204.103,206.121 1 0
github.com/CosmosContracts/juno/v11/x/mint/types/query.pb.gw.go:226.2,226.124 1 0
github.com/CosmosContracts/juno/v11/x/mint/types/query.pb.gw.go:246.2,246.131 1 0
github.com/CosmosContracts/juno/v11/x/mint/types/query.pb.gw.go:266.2,266.12 1 0
github.com/CosmosContracts/juno/v11/x/mint/types/query.pb.gw.go:206.121,211.17 5 0
github.com/CosmosContracts/juno/v11/x/mint/types/query.pb.gw.go:215.3,217.17 3 0
github.com/CosmosContracts/juno/v11/x/mint/types/query.pb.gw.go:222.3,222.104 1 0
github.com/CosmosContracts/juno/v11/x/mint/types/query.pb.gw.go:211.17,214.4 2 0
github.com/CosmosContracts/juno/v11/x/mint/types/query.pb.gw.go:217.17,220.4 2 0
github.com/CosmosContracts/juno/v11/x/mint/types/query.pb.gw.go:226.124,231.17 5 0
github.com/CosmosContracts/juno/v11/x/mint/types/query.pb.gw.go:235.3,237.17 3 0
github.com/CosmosContracts/juno/v11/x/mint/types/query.pb.gw.go:242.3,242.107 1 0
github.com/CosmosContracts/juno/v11/x/mint/types/query.pb.gw.go:231.17,234.4 2 0
github.com/CosmosContracts/juno/v11/x/mint/types/query.pb.gw.go:237.17,240.4 2 0
github.com/CosmosContracts/juno/v11/x/mint/types/query.pb.gw.go:246.131,251.17 5 0
github.com/CosmosContracts/juno/v11/x/mint/types/query.pb.gw.go:255.3,257.17 3 0
github.com/CosmosContracts/juno/v11/x/mint/types/query.pb.gw.go:262.3,262.114 1 0
github.com/CosmosContracts/juno/v11/x/mint/types/query.pb.gw.go:251.17,254.4 2 0
github.com/CosmosContracts/juno/v11/x/mint/types/query.pb.gw.go:257.17,260.4 2 0
github.com/CosmosContracts/juno/v11/x/mint/abci.go:13.53,20.43 3 0
github.com/CosmosContracts/juno/v11/x/mint/abci.go:25.2,34.31 5 0
github.com/CosmosContracts/juno/v11/x/mint/abci.go:51.2,55.16 4 0
github.com/CosmosContracts/juno/v11/x/mint/abci.go:60.2,61.16 2 0
github.com/CosmosContracts/juno/v11/x/mint/abci.go:65.2,65.33 1 0
github.com/CosmosContracts/juno/v11/x/mint/abci.go:69.2,76.3 1 0
github.com/CosmosContracts/juno/v11/x/mint/abci.go:20.43,22.3 1 0
github.com/CosmosContracts/juno/v11/x/mint/abci.go:34.31,45.44 8 0
github.com/CosmosContracts/juno/v11/x/mint/abci.go:45.44,47.4 1 0
github.com/CosmosContracts/juno/v11/x/mint/abci.go:55.16,56.13 1 0
github.com/CosmosContracts/juno/v11/x/mint/abci.go:61.16,62.13 1 0
github.com/CosmosContracts/juno/v11/x/mint/abci.go:65.33,67.3 1 0
github.com/CosmosContracts/juno/v11/x/mint/genesis.go:10.107,14.2 3 0
github.com/CosmosContracts/juno/v11/x/mint/genesis.go:17.79,21.2 3 0
github.com/CosmosContracts/juno/v11/x/mint/module.go:41.37,43.2 1 0
github.com/CosmosContracts/juno/v11/x/mint/module.go:46.73,46.74 0 0
github.com/CosmosContracts/juno/v11/x/mint/module.go:49.75,49.76 0 0
github.com/CosmosContracts/juno/v11/x/mint/module.go:53.75,55.2 1 0
github.com/CosmosContracts/juno/v11/x/mint/module.go:58.118,60.53 2 0
github.com/CosmosContracts/juno/v11/x/mint/module.go:64.2,64.36 1 0
github.com/CosmosContracts/juno/v11/x/mint/module.go:60.53,62.3 1 0
github.com/CosmosContracts/juno/v11/x/mint/module.go:68.85,70.2 1 0
github.com/CosmosContracts/juno/v11/x/mint/module.go:73.98,74.117 1 0
github.com/CosmosContracts/juno/v11/x/mint/module.go:74.117,75.13 1 0
github.com/CosmosContracts/juno/v11/x/mint/module.go:80.49,80.63 1 0
github.com/CosmosContracts/juno/v11/x/mint/module.go:83.52,85.2 1 0
github.com/CosmosContracts/juno/v11/x/mint/module.go:96.92,102.2 1 0
github.com/CosmosContracts/juno/v11/x/mint/module.go:105.32,107.2 1 0
github.com/CosmosContracts/juno/v11/x/mint/module.go:110.66,110.67 0 0
github.com/CosmosContracts/juno/v11/x/mint/module.go:113.36,113.58 1 0
github.com/CosmosContracts/juno/v11/x/mint/module.go:116.40,118.2 1 0
github.com/CosmosContracts/juno/v11/x/mint/module.go:121.91,123.2 1 0
github.com/CosmosContracts/juno/v11/x/mint/module.go:127.63,132.82 3 0
github.com/CosmosContracts/juno/v11/x/mint/module.go:132.82,133.94 1 0
github.com/CosmosContracts/juno/v11/x/mint/module.go:139.116,145.2 4 0
github.com/CosmosContracts/juno/v11/x/mint/module.go:149.89,152.2 2 0
github.com/CosmosContracts/juno/v11/x/mint/module.go:155.44,155.56 1 0
github.com/CosmosContracts/juno/v11/x/mint/module.go:158.75,160.2 1 0
github.com/CosmosContracts/juno/v11/x/mint/module.go:164.89,166.2 1 0
github.com/CosmosContracts/juno/v11/x/mint/module.go:171.73,173.2 1 0
github.com/CosmosContracts/juno/v11/x/mint/module.go:176.103,178.2 1 0
github.com/CosmosContracts/juno/v11/x/mint/module.go:181.72,183.2 1 0
github.com/CosmosContracts/juno/v11/x/mint/module.go:186.72,188.2 1 0
github.com/CosmosContracts/juno/v11/x/mint/module.go:191.92,193.2 1 0
github.com/CosmosContracts/juno/v11/x/mint/simulation/params.go:21.56,24.30 1 1
github.com/CosmosContracts/juno/v11/x/mint/simulation/params.go:24.30,26.5 1 1
github.com/CosmosContracts/juno/v11/x/mint/simulation/decoder.go:14.68,15.39 1 1
github.com/CosmosContracts/juno/v11/x/mint/simulation/decoder.go:15.39,16.10 1 2
github.com/CosmosContracts/juno/v11/x/mint/simulation/decoder.go:17.46,21.50 4 1
github.com/CosmosContracts/juno/v11/x/mint/simulation/decoder.go:22.11,23.54 1 1
github.com/CosmosContracts/juno/v11/x/mint/simulation/genesis.go:21.41,23.2 1 3
github.com/CosmosContracts/juno/v11/x/mint/simulation/genesis.go:26.45,28.2 1 1
github.com/CosmosContracts/juno/v11/x/mint/simulation/genesis.go:31.59,36.22 2 3
github.com/CosmosContracts/juno/v11/x/mint/simulation/genesis.go:40.2,47.16 6 2
github.com/CosmosContracts/juno/v11/x/mint/simulation/genesis.go:50.2,51.81 2 2
github.com/CosmosContracts/juno/v11/x/mint/simulation/genesis.go:36.22,36.53 1 3
github.com/CosmosContracts/juno/v11/x/mint/simulation/genesis.go:47.16,48.13 1 0
github.com/CosmosContracts/juno/v11/x/mint/keeper/querier.go:13.76,14.83 1 9
github.com/CosmosContracts/juno/v11/x/mint/keeper/querier.go:14.83,15.18 1 7
github.com/CosmosContracts/juno/v11/x/mint/keeper/querier.go:16.30,17.48 1 2
github.com/CosmosContracts/juno/v11/x/mint/keeper/querier.go:19.29,20.51 1 2
github.com/CosmosContracts/juno/v11/x/mint/keeper/querier.go:22.36,23.58 1 2
github.com/CosmosContracts/juno/v11/x/mint/keeper/querier.go:25.11,26.95 1 1
github.com/CosmosContracts/juno/v11/x/mint/keeper/querier.go:31.98,35.16 3 2
github.com/CosmosContracts/juno/v11/x/mint/keeper/querier.go:39.2,39.17 1 2
github.com/CosmosContracts/juno/v11/x/mint/keeper/querier.go:35.16,37.3 1 0
github.com/CosmosContracts/juno/v11/x/mint/keeper/querier.go:42.101,46.16 3 2
github.com/CosmosContracts/juno/v11/x/mint/keeper/querier.go:50.2,50.17 1 2
github.com/CosmosContracts/juno/v11/x/mint/keeper/querier.go:46.16,48.3 1 0
github.com/CosmosContracts/juno/v11/x/mint/keeper/querier.go:53.108,57.16 3 2
github.com/CosmosContracts/juno/v11/x/mint/keeper/querier.go:61.2,61.17 1 2
github.com/CosmosContracts/juno/v11/x/mint/keeper/querier.go:57.16,59.3 1 0
github.com/CosmosContracts/juno/v11/x/mint/keeper/grpc_query.go:13.108,18.2 3 1
github.com/CosmosContracts/juno/v11/x/mint/keeper/grpc_query.go:21.117,26.2 3 1
github.com/CosmosContracts/juno/v11/x/mint/keeper/grpc_query.go:29.138,34.2 3 1
github.com/CosmosContracts/juno/v11/x/mint/keeper/keeper.go:27.10,29.64 1 5
github.com/CosmosContracts/juno/v11/x/mint/keeper/keeper.go:34.2,34.31 1 5
github.com/CosmosContracts/juno/v11/x/mint/keeper/keeper.go:38.2,45.3 1 5
github.com/CosmosContracts/juno/v11/x/mint/keeper/keeper.go:29.64,30.52 1 0
github.com/CosmosContracts/juno/v11/x/mint/keeper/keeper.go:34.31,36.3 1 5
github.com/CosmosContracts/juno/v11/x/mint/keeper/keeper.go:51.52,53.2 1 0
github.com/CosmosContracts/juno/v11/x/mint/keeper/keeper.go:56.66,59.14 3 10
github.com/CosmosContracts/juno/v11/x/mint/keeper/keeper.go:63.2,64.8 2 10
github.com/CosmosContracts/juno/v11/x/mint/keeper/keeper.go:59.14,60.50 1 0
github.com/CosmosContracts/juno/v11/x/mint/keeper/keeper.go:68.65,72.2 3 5
github.com/CosmosContracts/juno/v11/x/mint/keeper/keeper.go:77.66,80.2 2 5
github.com/CosmosContracts/juno/v11/x/mint/keeper/keeper.go:83.65,85.2 1 5
github.com/CosmosContracts/juno/v11/x/mint/keeper/keeper.go:91.61,93.2 1 0
github.com/CosmosContracts/juno/v11/x/mint/keeper/keeper.go:97.68,99.2 1 0
github.com/CosmosContracts/juno/v11/x/mint/keeper/keeper.go:103.54,105.2 1 0
github.com/CosmosContracts/juno/v11/x/mint/keeper/keeper.go:109.70,110.22 1 0
github.com/CosmosContracts/juno/v11/x/mint/keeper/keeper.go:115.2,115.64 1 0
github.com/CosmosContracts/juno/v11/x/mint/keeper/keeper.go:110.22,113.3 1 0
github.com/CosmosContracts/juno/v11/x/mint/keeper/keeper.go:120.73,122.2 1 0
github.com/CosmosContracts/juno/v11/x/mint/keeper/migrator.go:13.37,17.2 1 5
github.com/CosmosContracts/juno/v11/x/mint/keeper/migrator.go:21.54,23.2 1 0
